Using pre-set license
Built from '2022.3/staging' branch; Version is '2022.3.4f1 (35713cd46cd7) revision 3502396'; Using compiler version '192829333'; Build Type 'Release'
OS: 'Windows 10  (10.0.19045) 64bit Professional' Language: 'ru' Physical Memory: 32693 MB
BatchMode: 1, IsHumanControllingUs: 0, StartBugReporterOnCrash: 0, Is64bit: 1, IsPro: 1

COMMAND LINE ARGUMENTS:
C:\Program Files\Unity\Hub\Editor\2022.3.4f1\Editor\Unity.exe
-adb2
-batchMode
-noUpm
-name
AssetImportWorker0
-projectPath
C:/Users/notob/Documents/GitHub/ShooterGame/Shooter
-logFile
Logs/AssetImportWorker0.log
-srvPort
51461
Successfully changed project path to: C:/Users/notob/Documents/GitHub/ShooterGame/Shooter
C:/Users/notob/Documents/GitHub/ShooterGame/Shooter
[UnityMemory] Configuration Parameters - Can be set up in boot.config
    "memorysetup-bucket-allocator-granularity=16"
    "memorysetup-bucket-allocator-bucket-count=8"
    "memorysetup-bucket-allocator-block-size=33554432"
    "memorysetup-bucket-allocator-block-count=8"
    "memorysetup-main-allocator-block-size=16777216"
    "memorysetup-thread-allocator-block-size=16777216"
    "memorysetup-gfx-main-allocator-block-size=16777216"
    "memorysetup-gfx-thread-allocator-block-size=16777216"
    "memorysetup-cache-allocator-block-size=4194304"
    "memorysetup-typetree-allocator-block-size=2097152"
    "memorysetup-profiler-bucket-allocator-granularity=16"
    "memorysetup-profiler-bucket-allocator-bucket-count=8"
    "memorysetup-profiler-bucket-allocator-block-size=33554432"
    "memorysetup-profiler-bucket-allocator-block-count=8"
    "memorysetup-profiler-allocator-block-size=16777216"
    "memorysetup-profiler-editor-allocator-block-size=1048576"
    "memorysetup-temp-allocator-size-main=16777216"
    "memorysetup-job-temp-allocator-block-size=2097152"
    "memorysetup-job-temp-allocator-block-size-background=1048576"
    "memorysetup-job-temp-allocator-reduction-small-platforms=262144"
    "memorysetup-allocator-temp-initial-block-size-main=262144"
    "memorysetup-allocator-temp-initial-block-size-worker=262144"
    "memorysetup-temp-allocator-size-background-worker=32768"
    "memorysetup-temp-allocator-size-job-worker=262144"
    "memorysetup-temp-allocator-size-preload-manager=33554432"
    "memorysetup-temp-allocator-size-nav-mesh-worker=65536"
    "memorysetup-temp-allocator-size-audio-worker=65536"
    "memorysetup-temp-allocator-size-cloud-worker=32768"
    "memorysetup-temp-allocator-size-gi-baking-worker=262144"
    "memorysetup-temp-allocator-size-gfx=262144"
Player connection [10376] Host "[IP] 192.168.0.111 [Port] 0 [Flags] 2 [Guid] 967358549 [EditorId] 967358549 [Version] 1048832 [Id] WindowsEditor(7,DESKTOP-4LDGE9F) [Debug] 1 [PackageName] WindowsEditor [ProjectName] Editor" joined multi-casting on [225.0.0.222:54997]...

Player connection [10376] Host "[IP] 192.168.0.111 [Port] 0 [Flags] 2 [Guid] 967358549 [EditorId] 967358549 [Version] 1048832 [Id] WindowsEditor(7,DESKTOP-4LDGE9F) [Debug] 1 [PackageName] WindowsEditor [ProjectName] Editor" joined alternative multi-casting on [225.0.0.222:34997]...

Refreshing native plugins compatible for Editor in 22.87 ms, found 4 plugins.
Preloading 0 native plugins for Editor in 0.00 ms.
Initialize engine version: 2022.3.4f1 (35713cd46cd7)
[Subsystems] Discovering subsystems at path C:/Program Files/Unity/Hub/Editor/2022.3.4f1/Editor/Data/Resources/UnitySubsystems
[Subsystems] Discovering subsystems at path C:/Users/notob/Documents/GitHub/ShooterGame/Shooter/Assets
GfxDevice: creating device client; threaded=0; jobified=0
Direct3D:
    Version:  Direct3D 11.0 [level 11.1]
    Renderer: NVIDIA GeForce RTX 3050 (ID=0x2507)
    Vendor:   NVIDIA
    VRAM:     8056 MB
    Driver:   31.0.15.3623
Initialize mono
Mono path[0] = 'C:/Program Files/Unity/Hub/Editor/2022.3.4f1/Editor/Data/Managed'
Mono path[1] = 'C:/Program Files/Unity/Hub/Editor/2022.3.4f1/Editor/Data/MonoBleedingEdge/lib/mono/unityjit-win32'
Mono config path = 'C:/Program Files/Unity/Hub/Editor/2022.3.4f1/Editor/Data/MonoBleedingEdge/etc'
Using monoOptions --debugger-agent=transport=dt_socket,embedding=1,server=y,suspend=n,address=127.0.0.1:56204
Begin MonoManager ReloadAssembly
Registering precompiled unity dll's ...
Register platform support module: C:/Program Files/Unity/Hub/Editor/2022.3.4f1/Editor/Data/PlaybackEngines/AndroidPlayer/UnityEditor.Android.Extensions.dll
Register platform support module: C:/Program Files/Unity/Hub/Editor/2022.3.4f1/Editor/Data/PlaybackEngines/WindowsStandaloneSupport/UnityEditor.WindowsStandalone.Extensions.dll
Registered in 0.031428 seconds.
- Loaded All Assemblies, in  0.401 seconds
Native extension for WindowsStandalone target not found
Native extension for Android target not found
Android Extension - Scanning For ADB Devices 253 ms
Mono: successfully reloaded assembly
- Finished resetting the current domain, in  0.520 seconds
Domain Reload Profiling: 913ms
	BeginReloadAssembly (128ms)
		ExecutionOrderSort (0ms)
		DisableScriptedObjects (0ms)
		BackupInstance (0ms)
		ReleaseScriptingObjects (0ms)
		CreateAndSetChildDomain (1ms)
	RebuildCommonClasses (30ms)
	RebuildNativeTypeToScriptingClass (8ms)
	initialDomainReloadingComplete (93ms)
	LoadAllAssembliesAndSetupDomain (136ms)
		LoadAssemblies (120ms)
		RebuildTransferFunctionScriptingTraits (0ms)
		AnalyzeDomain (119ms)
			TypeCache.Refresh (118ms)
				TypeCache.ScanAssembly (109ms)
			ScanForSourceGeneratedMonoScriptInfo (0ms)
			ResolveRequiredComponents (0ms)
	FinalizeReload (520ms)
		ReleaseScriptCaches (0ms)
		RebuildScriptCaches (0ms)
		SetupLoadedEditorAssemblies (478ms)
			LogAssemblyErrors (0ms)
			InitializePlatformSupportModulesInManaged (362ms)
			SetLoadedEditorAssemblies (3ms)
			RefreshPlugins (0ms)
			BeforeProcessingInitializeOnLoad (2ms)
			ProcessInitializeOnLoadAttributes (73ms)
			ProcessInitializeOnLoadMethodAttributes (38ms)
			AfterProcessingInitializeOnLoad (0ms)
			EditorAssembliesLoaded (0ms)
		ExecutionOrderSort2 (0ms)
		AwakeInstancesAfterBackupRestoration (0ms)
========================================================================
Worker process is ready to serve import requests
Begin MonoManager ReloadAssembly
Symbol file LoadedFromMemory doesn't match image C:\Users\notob\Documents\GitHub\ShooterGame\Shooter\Library\PackageCache\com.unity.visualscripting@1.8.0\Editor\VisualScripting.Core\Dependencies\YamlDotNet\Unity.VisualScripting.YamlDotNet.dll
Symbol file LoadedFromMemory doesn't match image C:\Users\notob\Documents\GitHub\ShooterGame\Shooter\Library\PackageCache\com.unity.visualscripting@1.8.0\Editor\VisualScripting.Core\Dependencies\DotNetZip\Unity.VisualScripting.IonicZip.dll
- Loaded All Assemblies, in  0.818 seconds
Refreshing native plugins compatible for Editor in 13.28 ms, found 4 plugins.
Native extension for WindowsStandalone target not found
Native extension for Android target not found
Mono: successfully reloaded assembly
- Finished resetting the current domain, in  0.513 seconds
Domain Reload Profiling: 1317ms
	BeginReloadAssembly (149ms)
		ExecutionOrderSort (0ms)
		DisableScriptedObjects (5ms)
		BackupInstance (0ms)
		ReleaseScriptingObjects (0ms)
		CreateAndSetChildDomain (19ms)
	RebuildCommonClasses (26ms)
	RebuildNativeTypeToScriptingClass (7ms)
	initialDomainReloadingComplete (54ms)
	LoadAllAssembliesAndSetupDomain (569ms)
		LoadAssemblies (412ms)
		RebuildTransferFunctionScriptingTraits (0ms)
		AnalyzeDomain (227ms)
			TypeCache.Refresh (209ms)
				TypeCache.ScanAssembly (197ms)
			ScanForSourceGeneratedMonoScriptInfo (15ms)
			ResolveRequiredComponents (3ms)
	FinalizeReload (513ms)
		ReleaseScriptCaches (0ms)
		RebuildScriptCaches (0ms)
		SetupLoadedEditorAssemblies (380ms)
			LogAssemblyErrors (0ms)
			InitializePlatformSupportModulesInManaged (34ms)
			SetLoadedEditorAssemblies (3ms)
			RefreshPlugins (0ms)
			BeforeProcessingInitializeOnLoad (108ms)
			ProcessInitializeOnLoadAttributes (187ms)
			ProcessInitializeOnLoadMethodAttributes (26ms)
			AfterProcessingInitializeOnLoad (23ms)
			EditorAssembliesLoaded (0ms)
		ExecutionOrderSort2 (0ms)
		AwakeInstancesAfterBackupRestoration (5ms)
Launched and connected shader compiler UnityShaderCompiler.exe after 0.04 seconds
Refreshing native plugins compatible for Editor in 11.25 ms, found 4 plugins.
Preloading 0 native plugins for Editor in 0.00 ms.
Unloading 4020 Unused Serialized files (Serialized files now loaded: 0)
Unloading 69 unused Assets / (245.1 KB). Loaded Objects now: 4483.
Memory consumption went from 149.0 MB to 148.7 MB.
Total: 2.898900 ms (FindLiveObjects: 0.227400 ms CreateObjectMapping: 0.088800 ms MarkObjects: 2.404600 ms  DeleteObjects: 0.177400 ms)

AssetImportParameters requested are different than current active one (requested -> active):
  custom:container-demuxer-ogg: 62fdf1f143b41e24485cea50d1cbac27 -> 
  custom:video-decoder-ogg-theora: a1e56fd34408186e4bbccfd4996cb3dc -> 
  custom:framework-win-MediaFoundation: 216162199b28c13a410421893ffa2e32 -> 
  custom:CustomObjectIndexerAttribute: 756ad292c208cfabdd7b50bc23989ffe -> 
  custom:container-demuxer-webm: 4f35f7cbe854078d1ac9338744f61a02 -> 
  custom:container-muxer-webm: aa71ff27fc2769a1b78a27578f13a17b -> 
  custom:video-decoder-webm-vp8: 9c59270c3fd7afecdb556c50c9e8de78 -> 
  custom:AudioImporter_EditorPlatform: d09bf68614088b80899f8185d706f6e7 -> 
  custom:video-encoder-webm-vp8: eb34c28f22e8b96e1ab97ce403110664 -> 
  custom:audio-decoder-ogg-vorbis: bf7c407c2cedff20999df2af8eb42d56 -> 
  custom:audio-encoder-webm-vorbis: bf7c407c2cedff20999df2af8eb42d56 -> 
========================================================================
Received Import Request.
  Time since last request: 17217.333841 seconds.
  path: Assets/Resources/SlimePrefabs/3YellowSlime.prefab
  artifactKey: Guid(c40daa3385a495a4d80d4ed5d2562132) Importer(815301076,1909f56bfc062723c751e8b465ee728b)
Start importing Assets/Resources/SlimePrefabs/3YellowSlime.prefab using Guid(c40daa3385a495a4d80d4ed5d2562132) Importer(815301076,1909f56bfc062723c751e8b465ee728b)  -> (artifact id: '388570769d553135ab9c9146e1a1d2fa') in 0.060588 seconds
Number of updated asset objects reloaded before import = 0
Number of asset objects unloaded after import = 19
========================================================================
Received Import Request.
  Time since last request: 0.000018 seconds.
  path: Assets/Resources/SlimePrefabs/2BlueSlime.prefab
  artifactKey: Guid(2d19ff0741a110f4a94241bddfc792a5) Importer(815301076,1909f56bfc062723c751e8b465ee728b)
Start importing Assets/Resources/SlimePrefabs/2BlueSlime.prefab using Guid(2d19ff0741a110f4a94241bddfc792a5) Importer(815301076,1909f56bfc062723c751e8b465ee728b)  -> (artifact id: '4077b99bfc5313ccc05a70513c96d071') in 0.010615 seconds
Number of updated asset objects reloaded before import = 0
Number of asset objects unloaded after import = 19
========================================================================
Received Import Request.
  Time since last request: 0.000011 seconds.
  path: Assets/Resources/SlimePrefabs/0GreenSlime.prefab
  artifactKey: Guid(4b65feb95562cf143b84a90ab6412b5d) Importer(815301076,1909f56bfc062723c751e8b465ee728b)
Start importing Assets/Resources/SlimePrefabs/0GreenSlime.prefab using Guid(4b65feb95562cf143b84a90ab6412b5d) Importer(815301076,1909f56bfc062723c751e8b465ee728b)  -> (artifact id: 'c9d9e7f00b6451cd34fb1ea68731a49a') in 0.011786 seconds
Number of updated asset objects reloaded before import = 0
Number of asset objects unloaded after import = 19
========================================================================
Received Prepare
Begin MonoManager ReloadAssembly
Symbol file LoadedFromMemory doesn't match image C:\Users\notob\Documents\GitHub\ShooterGame\Shooter\Library\PackageCache\com.unity.visualscripting@1.8.0\Editor\VisualScripting.Core\Dependencies\YamlDotNet\Unity.VisualScripting.YamlDotNet.dll
Symbol file LoadedFromMemory doesn't match image C:\Users\notob\Documents\GitHub\ShooterGame\Shooter\Library\PackageCache\com.unity.visualscripting@1.8.0\Editor\VisualScripting.Core\Dependencies\DotNetZip\Unity.VisualScripting.IonicZip.dll
- Loaded All Assemblies, in  0.837 seconds
Refreshing native plugins compatible for Editor in 10.09 ms, found 4 plugins.
Native extension for WindowsStandalone target not found
Native extension for Android target not found
Mono: successfully reloaded assembly
- Finished resetting the current domain, in  1.247 seconds
Domain Reload Profiling: 2067ms
	BeginReloadAssembly (179ms)
		ExecutionOrderSort (0ms)
		DisableScriptedObjects (11ms)
		BackupInstance (0ms)
		ReleaseScriptingObjects (0ms)
		CreateAndSetChildDomain (31ms)
	RebuildCommonClasses (26ms)
	RebuildNativeTypeToScriptingClass (7ms)
	initialDomainReloadingComplete (49ms)
	LoadAllAssembliesAndSetupDomain (558ms)
		LoadAssemblies (423ms)
		RebuildTransferFunctionScriptingTraits (0ms)
		AnalyzeDomain (208ms)
			TypeCache.Refresh (202ms)
				TypeCache.ScanAssembly (192ms)
			ScanForSourceGeneratedMonoScriptInfo (3ms)
			ResolveRequiredComponents (3ms)
	FinalizeReload (1247ms)
		ReleaseScriptCaches (0ms)
		RebuildScriptCaches (0ms)
		SetupLoadedEditorAssemblies (348ms)
			LogAssemblyErrors (0ms)
			InitializePlatformSupportModulesInManaged (31ms)
			SetLoadedEditorAssemblies (2ms)
			RefreshPlugins (0ms)
			BeforeProcessingInitializeOnLoad (101ms)
			ProcessInitializeOnLoadAttributes (166ms)
			ProcessInitializeOnLoadMethodAttributes (24ms)
			AfterProcessingInitializeOnLoad (23ms)
			EditorAssembliesLoaded (0ms)
		ExecutionOrderSort2 (0ms)
		AwakeInstancesAfterBackupRestoration (10ms)
Refreshing native plugins compatible for Editor in 12.18 ms, found 4 plugins.
Preloading 0 native plugins for Editor in 0.00 ms.
Unloading 4000 Unused Serialized files (Serialized files now loaded: 0)
Unloading 41 unused Assets / (217.5 KB). Loaded Objects now: 4495.
Memory consumption went from 143.7 MB to 143.4 MB.
Total: 3.135800 ms (FindLiveObjects: 0.317100 ms CreateObjectMapping: 0.178500 ms MarkObjects: 2.495500 ms  DeleteObjects: 0.144200 ms)

Prepare: number of updated asset objects reloaded= 0
AssetImportParameters requested are different than current active one (requested -> active):
  custom:container-demuxer-ogg: 62fdf1f143b41e24485cea50d1cbac27 -> 
  custom:video-decoder-ogg-theora: a1e56fd34408186e4bbccfd4996cb3dc -> 
  custom:framework-win-MediaFoundation: 216162199b28c13a410421893ffa2e32 -> 
  custom:CustomObjectIndexerAttribute: 756ad292c208cfabdd7b50bc23989ffe -> 
  custom:container-demuxer-webm: 4f35f7cbe854078d1ac9338744f61a02 -> 
  custom:container-muxer-webm: aa71ff27fc2769a1b78a27578f13a17b -> 
  custom:video-decoder-webm-vp8: 9c59270c3fd7afecdb556c50c9e8de78 -> 
  custom:AudioImporter_EditorPlatform: d09bf68614088b80899f8185d706f6e7 -> 
  custom:video-encoder-webm-vp8: eb34c28f22e8b96e1ab97ce403110664 -> 
  custom:audio-decoder-ogg-vorbis: bf7c407c2cedff20999df2af8eb42d56 -> 
  custom:audio-encoder-webm-vorbis: bf7c407c2cedff20999df2af8eb42d56 -> 
========================================================================
Received Import Request.
  Time since last request: 26.572772 seconds.
  path: Assets/Resources/SlimePrefabs/1RedSlime.prefab
  artifactKey: Guid(3b8cc4cc7988be14b946e934ef5f5b9f) Importer(815301076,1909f56bfc062723c751e8b465ee728b)
Start importing Assets/Resources/SlimePrefabs/1RedSlime.prefab using Guid(3b8cc4cc7988be14b946e934ef5f5b9f) Importer(815301076,1909f56bfc062723c751e8b465ee728b)  -> (artifact id: '92aebadc4618f900b612f2734a77da96') in 0.042181 seconds
Number of updated asset objects reloaded before import = 0
Number of asset objects unloaded after import = 19
========================================================================
Received Import Request.
  Time since last request: 0.000016 seconds.
  path: Assets/Resources/SlimePrefabs/0GreenSlime.prefab
  artifactKey: Guid(4b65feb95562cf143b84a90ab6412b5d) Importer(815301076,1909f56bfc062723c751e8b465ee728b)
Start importing Assets/Resources/SlimePrefabs/0GreenSlime.prefab using Guid(4b65feb95562cf143b84a90ab6412b5d) Importer(815301076,1909f56bfc062723c751e8b465ee728b)  -> (artifact id: '816dd76f8e44b4b7d359e903f3d791af') in 0.005741 seconds
Number of updated asset objects reloaded before import = 0
Number of asset objects unloaded after import = 19
========================================================================
Received Prepare
Begin MonoManager ReloadAssembly
Symbol file LoadedFromMemory doesn't match image C:\Users\notob\Documents\GitHub\ShooterGame\Shooter\Library\PackageCache\com.unity.visualscripting@1.8.0\Editor\VisualScripting.Core\Dependencies\YamlDotNet\Unity.VisualScripting.YamlDotNet.dll
Symbol file LoadedFromMemory doesn't match image C:\Users\notob\Documents\GitHub\ShooterGame\Shooter\Library\PackageCache\com.unity.visualscripting@1.8.0\Editor\VisualScripting.Core\Dependencies\DotNetZip\Unity.VisualScripting.IonicZip.dll
- Loaded All Assemblies, in  0.823 seconds
Refreshing native plugins compatible for Editor in 11.99 ms, found 4 plugins.
Native extension for WindowsStandalone target not found
Native extension for Android target not found
Mono: successfully reloaded assembly
- Finished resetting the current domain, in  1.335 seconds
Domain Reload Profiling: 2142ms
	BeginReloadAssembly (178ms)
		ExecutionOrderSort (0ms)
		DisableScriptedObjects (9ms)
		BackupInstance (0ms)
		ReleaseScriptingObjects (0ms)
		CreateAndSetChildDomain (31ms)
	RebuildCommonClasses (27ms)
	RebuildNativeTypeToScriptingClass (8ms)
	initialDomainReloadingComplete (50ms)
	LoadAllAssembliesAndSetupDomain (544ms)
		LoadAssemblies (421ms)
		RebuildTransferFunctionScriptingTraits (0ms)
		AnalyzeDomain (195ms)
			TypeCache.Refresh (192ms)
				TypeCache.ScanAssembly (182ms)
			ScanForSourceGeneratedMonoScriptInfo (0ms)
			ResolveRequiredComponents (3ms)
	FinalizeReload (1336ms)
		ReleaseScriptCaches (0ms)
		RebuildScriptCaches (0ms)
		SetupLoadedEditorAssemblies (350ms)
			LogAssemblyErrors (0ms)
			InitializePlatformSupportModulesInManaged (32ms)
			SetLoadedEditorAssemblies (2ms)
			RefreshPlugins (0ms)
			BeforeProcessingInitializeOnLoad (103ms)
			ProcessInitializeOnLoadAttributes (164ms)
			ProcessInitializeOnLoadMethodAttributes (23ms)
			AfterProcessingInitializeOnLoad (26ms)
			EditorAssembliesLoaded (0ms)
		ExecutionOrderSort2 (0ms)
		AwakeInstancesAfterBackupRestoration (10ms)
Refreshing native plugins compatible for Editor in 9.74 ms, found 4 plugins.
Preloading 0 native plugins for Editor in 0.00 ms.
Unloading 4000 Unused Serialized files (Serialized files now loaded: 0)
Unloading 41 unused Assets / (217.6 KB). Loaded Objects now: 4499.
Memory consumption went from 143.7 MB to 143.4 MB.
Total: 3.032600 ms (FindLiveObjects: 0.220300 ms CreateObjectMapping: 0.133600 ms MarkObjects: 2.524600 ms  DeleteObjects: 0.153500 ms)

Prepare: number of updated asset objects reloaded= 0
AssetImportParameters requested are different than current active one (requested -> active):
  custom:container-demuxer-ogg: 62fdf1f143b41e24485cea50d1cbac27 -> 
  custom:video-decoder-ogg-theora: a1e56fd34408186e4bbccfd4996cb3dc -> 
  custom:framework-win-MediaFoundation: 216162199b28c13a410421893ffa2e32 -> 
  custom:CustomObjectIndexerAttribute: 756ad292c208cfabdd7b50bc23989ffe -> 
  custom:container-demuxer-webm: 4f35f7cbe854078d1ac9338744f61a02 -> 
  custom:container-muxer-webm: aa71ff27fc2769a1b78a27578f13a17b -> 
  custom:video-decoder-webm-vp8: 9c59270c3fd7afecdb556c50c9e8de78 -> 
  custom:AudioImporter_EditorPlatform: d09bf68614088b80899f8185d706f6e7 -> 
  custom:video-encoder-webm-vp8: eb34c28f22e8b96e1ab97ce403110664 -> 
  custom:audio-decoder-ogg-vorbis: bf7c407c2cedff20999df2af8eb42d56 -> 
  custom:audio-encoder-webm-vorbis: bf7c407c2cedff20999df2af8eb42d56 -> 
========================================================================
Received Prepare
Begin MonoManager ReloadAssembly
Symbol file LoadedFromMemory doesn't match image C:\Users\notob\Documents\GitHub\ShooterGame\Shooter\Library\PackageCache\com.unity.visualscripting@1.8.0\Editor\VisualScripting.Core\Dependencies\YamlDotNet\Unity.VisualScripting.YamlDotNet.dll
Symbol file LoadedFromMemory doesn't match image C:\Users\notob\Documents\GitHub\ShooterGame\Shooter\Library\PackageCache\com.unity.visualscripting@1.8.0\Editor\VisualScripting.Core\Dependencies\DotNetZip\Unity.VisualScripting.IonicZip.dll
- Loaded All Assemblies, in  0.817 seconds
Refreshing native plugins compatible for Editor in 10.16 ms, found 4 plugins.
Native extension for WindowsStandalone target not found
Native extension for Android target not found
Mono: successfully reloaded assembly
- Finished resetting the current domain, in  1.242 seconds
Domain Reload Profiling: 2043ms
	BeginReloadAssembly (181ms)
		ExecutionOrderSort (0ms)
		DisableScriptedObjects (10ms)
		BackupInstance (0ms)
		ReleaseScriptingObjects (0ms)
		CreateAndSetChildDomain (32ms)
	RebuildCommonClasses (27ms)
	RebuildNativeTypeToScriptingClass (8ms)
	initialDomainReloadingComplete (49ms)
	LoadAllAssembliesAndSetupDomain (536ms)
		LoadAssemblies (422ms)
		RebuildTransferFunctionScriptingTraits (0ms)
		AnalyzeDomain (189ms)
			TypeCache.Refresh (180ms)
				TypeCache.ScanAssembly (170ms)
			ScanForSourceGeneratedMonoScriptInfo (2ms)
			ResolveRequiredComponents (7ms)
	FinalizeReload (1242ms)
		ReleaseScriptCaches (0ms)
		RebuildScriptCaches (0ms)
		SetupLoadedEditorAssemblies (325ms)
			LogAssemblyErrors (0ms)
			InitializePlatformSupportModulesInManaged (27ms)
			SetLoadedEditorAssemblies (2ms)
			RefreshPlugins (0ms)
			BeforeProcessingInitializeOnLoad (96ms)
			ProcessInitializeOnLoadAttributes (155ms)
			ProcessInitializeOnLoadMethodAttributes (21ms)
			AfterProcessingInitializeOnLoad (23ms)
			EditorAssembliesLoaded (0ms)
		ExecutionOrderSort2 (0ms)
		AwakeInstancesAfterBackupRestoration (10ms)
Refreshing native plugins compatible for Editor in 12.09 ms, found 4 plugins.
Preloading 0 native plugins for Editor in 0.00 ms.
Unloading 4001 Unused Serialized files (Serialized files now loaded: 0)
Unloading 41 unused Assets / (217.7 KB). Loaded Objects now: 4503.
Memory consumption went from 143.9 MB to 143.7 MB.
Total: 2.983800 ms (FindLiveObjects: 0.244200 ms CreateObjectMapping: 0.154900 ms MarkObjects: 2.431200 ms  DeleteObjects: 0.153000 ms)

Prepare: number of updated asset objects reloaded= 0
AssetImportParameters requested are different than current active one (requested -> active):
  custom:container-demuxer-ogg: 62fdf1f143b41e24485cea50d1cbac27 -> 
  custom:video-decoder-ogg-theora: a1e56fd34408186e4bbccfd4996cb3dc -> 
  custom:framework-win-MediaFoundation: 216162199b28c13a410421893ffa2e32 -> 
  custom:CustomObjectIndexerAttribute: 756ad292c208cfabdd7b50bc23989ffe -> 
  custom:container-demuxer-webm: 4f35f7cbe854078d1ac9338744f61a02 -> 
  custom:container-muxer-webm: aa71ff27fc2769a1b78a27578f13a17b -> 
  custom:video-decoder-webm-vp8: 9c59270c3fd7afecdb556c50c9e8de78 -> 
  custom:AudioImporter_EditorPlatform: d09bf68614088b80899f8185d706f6e7 -> 
  custom:video-encoder-webm-vp8: eb34c28f22e8b96e1ab97ce403110664 -> 
  custom:audio-decoder-ogg-vorbis: bf7c407c2cedff20999df2af8eb42d56 -> 
  custom:audio-encoder-webm-vorbis: bf7c407c2cedff20999df2af8eb42d56 -> 
========================================================================
Received Prepare
Begin MonoManager ReloadAssembly
Symbol file LoadedFromMemory doesn't match image C:\Users\notob\Documents\GitHub\ShooterGame\Shooter\Library\PackageCache\com.unity.visualscripting@1.8.0\Editor\VisualScripting.Core\Dependencies\YamlDotNet\Unity.VisualScripting.YamlDotNet.dll
Symbol file LoadedFromMemory doesn't match image C:\Users\notob\Documents\GitHub\ShooterGame\Shooter\Library\PackageCache\com.unity.visualscripting@1.8.0\Editor\VisualScripting.Core\Dependencies\DotNetZip\Unity.VisualScripting.IonicZip.dll
- Loaded All Assemblies, in  0.824 seconds
Refreshing native plugins compatible for Editor in 12.43 ms, found 4 plugins.
Native extension for WindowsStandalone target not found
Native extension for Android target not found
Mono: successfully reloaded assembly
- Finished resetting the current domain, in  1.258 seconds
Domain Reload Profiling: 2065ms
	BeginReloadAssembly (183ms)
		ExecutionOrderSort (0ms)
		DisableScriptedObjects (10ms)
		BackupInstance (0ms)
		ReleaseScriptingObjects (0ms)
		CreateAndSetChildDomain (30ms)
	RebuildCommonClasses (27ms)
	RebuildNativeTypeToScriptingClass (8ms)
	initialDomainReloadingComplete (57ms)
	LoadAllAssembliesAndSetupDomain (533ms)
		LoadAssemblies (422ms)
		RebuildTransferFunctionScriptingTraits (0ms)
		AnalyzeDomain (185ms)
			TypeCache.Refresh (180ms)
				TypeCache.ScanAssembly (170ms)
			ScanForSourceGeneratedMonoScriptInfo (2ms)
			ResolveRequiredComponents (3ms)
	FinalizeReload (1258ms)
		ReleaseScriptCaches (0ms)
		RebuildScriptCaches (0ms)
		SetupLoadedEditorAssemblies (329ms)
			LogAssemblyErrors (0ms)
			InitializePlatformSupportModulesInManaged (30ms)
			SetLoadedEditorAssemblies (2ms)
			RefreshPlugins (0ms)
			BeforeProcessingInitializeOnLoad (99ms)
			ProcessInitializeOnLoadAttributes (153ms)
			ProcessInitializeOnLoadMethodAttributes (21ms)
			AfterProcessingInitializeOnLoad (23ms)
			EditorAssembliesLoaded (0ms)
		ExecutionOrderSort2 (0ms)
		AwakeInstancesAfterBackupRestoration (10ms)
Refreshing native plugins compatible for Editor in 9.67 ms, found 4 plugins.
Preloading 0 native plugins for Editor in 0.00 ms.
Unloading 4001 Unused Serialized files (Serialized files now loaded: 0)
Unloading 41 unused Assets / (217.4 KB). Loaded Objects now: 4507.
Memory consumption went from 143.9 MB to 143.7 MB.
Total: 3.008700 ms (FindLiveObjects: 0.224300 ms CreateObjectMapping: 0.145800 ms MarkObjects: 2.488500 ms  DeleteObjects: 0.149500 ms)

Prepare: number of updated asset objects reloaded= 0
AssetImportParameters requested are different than current active one (requested -> active):
  custom:container-demuxer-ogg: 62fdf1f143b41e24485cea50d1cbac27 -> 
  custom:video-decoder-ogg-theora: a1e56fd34408186e4bbccfd4996cb3dc -> 
  custom:framework-win-MediaFoundation: 216162199b28c13a410421893ffa2e32 -> 
  custom:CustomObjectIndexerAttribute: 756ad292c208cfabdd7b50bc23989ffe -> 
  custom:container-demuxer-webm: 4f35f7cbe854078d1ac9338744f61a02 -> 
  custom:container-muxer-webm: aa71ff27fc2769a1b78a27578f13a17b -> 
  custom:video-decoder-webm-vp8: 9c59270c3fd7afecdb556c50c9e8de78 -> 
  custom:AudioImporter_EditorPlatform: d09bf68614088b80899f8185d706f6e7 -> 
  custom:video-encoder-webm-vp8: eb34c28f22e8b96e1ab97ce403110664 -> 
  custom:audio-decoder-ogg-vorbis: bf7c407c2cedff20999df2af8eb42d56 -> 
  custom:audio-encoder-webm-vorbis: bf7c407c2cedff20999df2af8eb42d56 -> 
========================================================================
Received Prepare
Begin MonoManager ReloadAssembly
Symbol file LoadedFromMemory doesn't match image C:\Users\notob\Documents\GitHub\ShooterGame\Shooter\Library\PackageCache\com.unity.visualscripting@1.8.0\Editor\VisualScripting.Core\Dependencies\YamlDotNet\Unity.VisualScripting.YamlDotNet.dll
Symbol file LoadedFromMemory doesn't match image C:\Users\notob\Documents\GitHub\ShooterGame\Shooter\Library\PackageCache\com.unity.visualscripting@1.8.0\Editor\VisualScripting.Core\Dependencies\DotNetZip\Unity.VisualScripting.IonicZip.dll
- Loaded All Assemblies, in  0.796 seconds
Refreshing native plugins compatible for Editor in 10.48 ms, found 4 plugins.
Native extension for WindowsStandalone target not found
Native extension for Android target not found
Mono: successfully reloaded assembly
- Finished resetting the current domain, in  1.313 seconds
Domain Reload Profiling: 2092ms
	BeginReloadAssembly (183ms)
		ExecutionOrderSort (0ms)
		DisableScriptedObjects (10ms)
		BackupInstance (0ms)
		ReleaseScriptingObjects (0ms)
		CreateAndSetChildDomain (30ms)
	RebuildCommonClasses (26ms)
	RebuildNativeTypeToScriptingClass (8ms)
	initialDomainReloadingComplete (51ms)
	LoadAllAssembliesAndSetupDomain (512ms)
		LoadAssemblies (412ms)
		RebuildTransferFunctionScriptingTraits (0ms)
		AnalyzeDomain (177ms)
			TypeCache.Refresh (172ms)
				TypeCache.ScanAssembly (163ms)
			ScanForSourceGeneratedMonoScriptInfo (2ms)
			ResolveRequiredComponents (3ms)
	FinalizeReload (1313ms)
		ReleaseScriptCaches (0ms)
		RebuildScriptCaches (0ms)
		SetupLoadedEditorAssemblies (347ms)
			LogAssemblyErrors (0ms)
			InitializePlatformSupportModulesInManaged (32ms)
			SetLoadedEditorAssemblies (2ms)
			RefreshPlugins (0ms)
			BeforeProcessingInitializeOnLoad (105ms)
			ProcessInitializeOnLoadAttributes (163ms)
			ProcessInitializeOnLoadMethodAttributes (21ms)
			AfterProcessingInitializeOnLoad (23ms)
			EditorAssembliesLoaded (0ms)
		ExecutionOrderSort2 (0ms)
		AwakeInstancesAfterBackupRestoration (10ms)
Refreshing native plugins compatible for Editor in 11.55 ms, found 4 plugins.
Preloading 0 native plugins for Editor in 0.00 ms.
Unloading 4001 Unused Serialized files (Serialized files now loaded: 0)
Unloading 41 unused Assets / (217.5 KB). Loaded Objects now: 4511.
Memory consumption went from 143.9 MB to 143.7 MB.
Total: 2.887000 ms (FindLiveObjects: 0.215000 ms CreateObjectMapping: 0.128100 ms MarkObjects: 2.406200 ms  DeleteObjects: 0.137100 ms)

Prepare: number of updated asset objects reloaded= 0
AssetImportParameters requested are different than current active one (requested -> active):
  custom:container-demuxer-ogg: 62fdf1f143b41e24485cea50d1cbac27 -> 
  custom:video-decoder-ogg-theora: a1e56fd34408186e4bbccfd4996cb3dc -> 
  custom:framework-win-MediaFoundation: 216162199b28c13a410421893ffa2e32 -> 
  custom:CustomObjectIndexerAttribute: 756ad292c208cfabdd7b50bc23989ffe -> 
  custom:container-demuxer-webm: 4f35f7cbe854078d1ac9338744f61a02 -> 
  custom:container-muxer-webm: aa71ff27fc2769a1b78a27578f13a17b -> 
  custom:video-decoder-webm-vp8: 9c59270c3fd7afecdb556c50c9e8de78 -> 
  custom:AudioImporter_EditorPlatform: d09bf68614088b80899f8185d706f6e7 -> 
  custom:video-encoder-webm-vp8: eb34c28f22e8b96e1ab97ce403110664 -> 
  custom:audio-decoder-ogg-vorbis: bf7c407c2cedff20999df2af8eb42d56 -> 
  custom:audio-encoder-webm-vorbis: bf7c407c2cedff20999df2af8eb42d56 -> 
========================================================================
Received Import Request.
  Time since last request: 452.458625 seconds.
  path: Assets/Prefabs/Arrow.prefab
  artifactKey: Guid(86c6a2452bae38c4b8c68755b0357271) Importer(815301076,1909f56bfc062723c751e8b465ee728b)
Start importing Assets/Prefabs/Arrow.prefab using Guid(86c6a2452bae38c4b8c68755b0357271) Importer(815301076,1909f56bfc062723c751e8b465ee728b)  -> (artifact id: 'feabd064a5618dcd338eeb89f5bf005d') in 0.109198 seconds
Number of updated asset objects reloaded before import = 0
Number of asset objects unloaded after import = 24
========================================================================
Received Import Request.
  Time since last request: 16.794116 seconds.
  path: Assets/Resources/UpgardePrefabs
  artifactKey: Guid(0fbe14279fc2ce245abf9923fdcb7cc8) Importer(815301076,1909f56bfc062723c751e8b465ee728b)
Start importing Assets/Resources/UpgardePrefabs using Guid(0fbe14279fc2ce245abf9923fdcb7cc8) Importer(815301076,1909f56bfc062723c751e8b465ee728b)  -> (artifact id: 'e6074d5fa144be834e94a1c0df259ebc') in 0.000545 seconds
Number of updated asset objects reloaded before import = 0
Number of asset objects unloaded after import = 0
========================================================================
Received Import Request.
  Time since last request: 21.181382 seconds.
  path: Assets/Resources/UpgardePrefabs/Image.prefab
  artifactKey: Guid(3f3127e4b3f7cd94397398887bb98c29) Importer(815301076,1909f56bfc062723c751e8b465ee728b)
Start importing Assets/Resources/UpgardePrefabs/Image.prefab using Guid(3f3127e4b3f7cd94397398887bb98c29) Importer(815301076,1909f56bfc062723c751e8b465ee728b)  -> (artifact id: 'ce3bc323dbef3b320d570f4919a847c6') in 0.004598 seconds
Number of updated asset objects reloaded before import = 0
Number of asset objects unloaded after import = 6
========================================================================
Received Import Request.
  Time since last request: 10.793459 seconds.
  path: Assets/Resources/UpgardePrefabs/Image.prefab
  artifactKey: Guid(3f3127e4b3f7cd94397398887bb98c29) Importer(815301076,1909f56bfc062723c751e8b465ee728b)
Start importing Assets/Resources/UpgardePrefabs/Image.prefab using Guid(3f3127e4b3f7cd94397398887bb98c29) Importer(815301076,1909f56bfc062723c751e8b465ee728b)  -> (artifact id: 'f55a8da0525d4c4e21f18fec565adc24') in 0.002561 seconds
Number of updated asset objects reloaded before import = 0
Number of asset objects unloaded after import = 6
========================================================================
Received Import Request.
  Time since last request: 5.834201 seconds.
  path: Assets/Resources/UpgardePrefabs/Image.prefab
  artifactKey: Guid(3f3127e4b3f7cd94397398887bb98c29) Importer(815301076,1909f56bfc062723c751e8b465ee728b)
Start importing Assets/Resources/UpgardePrefabs/Image.prefab using Guid(3f3127e4b3f7cd94397398887bb98c29) Importer(815301076,1909f56bfc062723c751e8b465ee728b)  -> (artifact id: '6065653bdc916fe910cb4dfb8d6eedc6') in 0.002516 seconds
Number of updated asset objects reloaded before import = 0
Number of asset objects unloaded after import = 6
========================================================================
Received Import Request.
  Time since last request: 259.627354 seconds.
  path: Assets/Scripts/UpgradeController.cs
  artifactKey: Guid(eea2543c01ec2e4449e1f65f544bc659) Importer(815301076,1909f56bfc062723c751e8b465ee728b)
Start importing Assets/Scripts/UpgradeController.cs using Guid(eea2543c01ec2e4449e1f65f544bc659) Importer(815301076,1909f56bfc062723c751e8b465ee728b)  -> (artifact id: 'd4f6329a12b0124e93f61c4410ca284c') in 0.000799 seconds
Number of updated asset objects reloaded before import = 0
Number of asset objects unloaded after import = 0
========================================================================
Received Prepare
Begin MonoManager ReloadAssembly
Symbol file LoadedFromMemory doesn't match image C:\Users\notob\Documents\GitHub\ShooterGame\Shooter\Library\PackageCache\com.unity.visualscripting@1.8.0\Editor\VisualScripting.Core\Dependencies\YamlDotNet\Unity.VisualScripting.YamlDotNet.dll
Symbol file LoadedFromMemory doesn't match image C:\Users\notob\Documents\GitHub\ShooterGame\Shooter\Library\PackageCache\com.unity.visualscripting@1.8.0\Editor\VisualScripting.Core\Dependencies\DotNetZip\Unity.VisualScripting.IonicZip.dll
- Loaded All Assemblies, in  0.851 seconds
Refreshing native plugins compatible for Editor in 11.68 ms, found 4 plugins.
Native extension for WindowsStandalone target not found
Native extension for Android target not found
Mono: successfully reloaded assembly
- Finished resetting the current domain, in  1.286 seconds
Domain Reload Profiling: 2120ms
	BeginReloadAssembly (182ms)
		ExecutionOrderSort (0ms)
		DisableScriptedObjects (9ms)
		BackupInstance (0ms)
		ReleaseScriptingObjects (0ms)
		CreateAndSetChildDomain (32ms)
	RebuildCommonClasses (26ms)
	RebuildNativeTypeToScriptingClass (8ms)
	initialDomainReloadingComplete (52ms)
	LoadAllAssembliesAndSetupDomain (566ms)
		LoadAssemblies (436ms)
		RebuildTransferFunctionScriptingTraits (0ms)
		AnalyzeDomain (204ms)
			TypeCache.Refresh (198ms)
				TypeCache.ScanAssembly (189ms)
			ScanForSourceGeneratedMonoScriptInfo (2ms)
			ResolveRequiredComponents (3ms)
	FinalizeReload (1286ms)
		ReleaseScriptCaches (0ms)
		RebuildScriptCaches (0ms)
		SetupLoadedEditorAssemblies (336ms)
			LogAssemblyErrors (0ms)
			InitializePlatformSupportModulesInManaged (31ms)
			SetLoadedEditorAssemblies (2ms)
			RefreshPlugins (0ms)
			BeforeProcessingInitializeOnLoad (105ms)
			ProcessInitializeOnLoadAttributes (154ms)
			ProcessInitializeOnLoadMethodAttributes (21ms)
			AfterProcessingInitializeOnLoad (23ms)
			EditorAssembliesLoaded (0ms)
		ExecutionOrderSort2 (0ms)
		AwakeInstancesAfterBackupRestoration (10ms)
Refreshing native plugins compatible for Editor in 11.50 ms, found 4 plugins.
Preloading 0 native plugins for Editor in 0.00 ms.
Unloading 4001 Unused Serialized files (Serialized files now loaded: 0)
Unloading 41 unused Assets / (217.7 KB). Loaded Objects now: 4516.
Memory consumption went from 143.7 MB to 143.5 MB.
Total: 2.957500 ms (FindLiveObjects: 0.248300 ms CreateObjectMapping: 0.161100 ms MarkObjects: 2.390600 ms  DeleteObjects: 0.156900 ms)

Prepare: number of updated asset objects reloaded= 0
AssetImportParameters requested are different than current active one (requested -> active):
  custom:container-demuxer-ogg: 62fdf1f143b41e24485cea50d1cbac27 -> 
  custom:video-decoder-ogg-theora: a1e56fd34408186e4bbccfd4996cb3dc -> 
  custom:framework-win-MediaFoundation: 216162199b28c13a410421893ffa2e32 -> 
  custom:CustomObjectIndexerAttribute: 756ad292c208cfabdd7b50bc23989ffe -> 
  custom:container-demuxer-webm: 4f35f7cbe854078d1ac9338744f61a02 -> 
  custom:container-muxer-webm: aa71ff27fc2769a1b78a27578f13a17b -> 
  custom:video-decoder-webm-vp8: 9c59270c3fd7afecdb556c50c9e8de78 -> 
  custom:AudioImporter_EditorPlatform: d09bf68614088b80899f8185d706f6e7 -> 
  custom:video-encoder-webm-vp8: eb34c28f22e8b96e1ab97ce403110664 -> 
  custom:audio-decoder-ogg-vorbis: bf7c407c2cedff20999df2af8eb42d56 -> 
  custom:audio-encoder-webm-vorbis: bf7c407c2cedff20999df2af8eb42d56 -> 
========================================================================
Received Prepare
Begin MonoManager ReloadAssembly
Symbol file LoadedFromMemory doesn't match image C:\Users\notob\Documents\GitHub\ShooterGame\Shooter\Library\PackageCache\com.unity.visualscripting@1.8.0\Editor\VisualScripting.Core\Dependencies\YamlDotNet\Unity.VisualScripting.YamlDotNet.dll
Symbol file LoadedFromMemory doesn't match image C:\Users\notob\Documents\GitHub\ShooterGame\Shooter\Library\PackageCache\com.unity.visualscripting@1.8.0\Editor\VisualScripting.Core\Dependencies\DotNetZip\Unity.VisualScripting.IonicZip.dll
- Loaded All Assemblies, in  0.834 seconds
Refreshing native plugins compatible for Editor in 10.34 ms, found 4 plugins.
Native extension for WindowsStandalone target not found
Native extension for Android target not found
Mono: successfully reloaded assembly
- Finished resetting the current domain, in  1.229 seconds
Domain Reload Profiling: 2048ms
	BeginReloadAssembly (182ms)
		ExecutionOrderSort (0ms)
		DisableScriptedObjects (10ms)
		BackupInstance (0ms)
		ReleaseScriptingObjects (0ms)
		CreateAndSetChildDomain (30ms)
	RebuildCommonClasses (27ms)
	RebuildNativeTypeToScriptingClass (8ms)
	initialDomainReloadingComplete (49ms)
	LoadAllAssembliesAndSetupDomain (554ms)
		LoadAssemblies (436ms)
		RebuildTransferFunctionScriptingTraits (0ms)
		AnalyzeDomain (192ms)
			TypeCache.Refresh (189ms)
				TypeCache.ScanAssembly (178ms)
			ScanForSourceGeneratedMonoScriptInfo (0ms)
			ResolveRequiredComponents (4ms)
	FinalizeReload (1229ms)
		ReleaseScriptCaches (0ms)
		RebuildScriptCaches (0ms)
		SetupLoadedEditorAssemblies (330ms)
			LogAssemblyErrors (0ms)
			InitializePlatformSupportModulesInManaged (30ms)
			SetLoadedEditorAssemblies (2ms)
			RefreshPlugins (0ms)
			BeforeProcessingInitializeOnLoad (99ms)
			ProcessInitializeOnLoadAttributes (155ms)
			ProcessInitializeOnLoadMethodAttributes (20ms)
			AfterProcessingInitializeOnLoad (23ms)
			EditorAssembliesLoaded (0ms)
		ExecutionOrderSort2 (0ms)
		AwakeInstancesAfterBackupRestoration (9ms)
Refreshing native plugins compatible for Editor in 10.58 ms, found 4 plugins.
Preloading 0 native plugins for Editor in 0.00 ms.
Unloading 4002 Unused Serialized files (Serialized files now loaded: 0)
Unloading 41 unused Assets / (217.8 KB). Loaded Objects now: 4520.
Memory consumption went from 144.0 MB to 143.7 MB.
Total: 2.963600 ms (FindLiveObjects: 0.243300 ms CreateObjectMapping: 0.160200 ms MarkObjects: 2.421300 ms  DeleteObjects: 0.138200 ms)

Prepare: number of updated asset objects reloaded= 0
AssetImportParameters requested are different than current active one (requested -> active):
  custom:container-demuxer-ogg: 62fdf1f143b41e24485cea50d1cbac27 -> 
  custom:video-decoder-ogg-theora: a1e56fd34408186e4bbccfd4996cb3dc -> 
  custom:framework-win-MediaFoundation: 216162199b28c13a410421893ffa2e32 -> 
  custom:CustomObjectIndexerAttribute: 756ad292c208cfabdd7b50bc23989ffe -> 
  custom:container-demuxer-webm: 4f35f7cbe854078d1ac9338744f61a02 -> 
  custom:container-muxer-webm: aa71ff27fc2769a1b78a27578f13a17b -> 
  custom:video-decoder-webm-vp8: 9c59270c3fd7afecdb556c50c9e8de78 -> 
  custom:AudioImporter_EditorPlatform: d09bf68614088b80899f8185d706f6e7 -> 
  custom:video-encoder-webm-vp8: eb34c28f22e8b96e1ab97ce403110664 -> 
  custom:audio-decoder-ogg-vorbis: bf7c407c2cedff20999df2af8eb42d56 -> 
  custom:audio-encoder-webm-vorbis: bf7c407c2cedff20999df2af8eb42d56 -> 
========================================================================
Received Import Request.
  Time since last request: 25.153162 seconds.
  path: Assets/Resources/UpgardePrefabs/DamageUpgrade.prefab
  artifactKey: Guid(52d95dc72ca535e41ab60379000f095f) Importer(815301076,1909f56bfc062723c751e8b465ee728b)
Start importing Assets/Resources/UpgardePrefabs/DamageUpgrade.prefab using Guid(52d95dc72ca535e41ab60379000f095f) Importer(815301076,1909f56bfc062723c751e8b465ee728b)  -> (artifact id: '2d60f49e31fac779dfb088475e16dcaa') in 0.050237 seconds
Number of updated asset objects reloaded before import = 0
Number of asset objects unloaded after import = 27
========================================================================
Received Import Request.
  Time since last request: 4.809065 seconds.
  path: Assets/Resources/UpgardePrefabs/DamageUpgrade 1.prefab
  artifactKey: Guid(956bbb80c1efcb040b4277e5822f295f) Importer(815301076,1909f56bfc062723c751e8b465ee728b)
Start importing Assets/Resources/UpgardePrefabs/DamageUpgrade 1.prefab using Guid(956bbb80c1efcb040b4277e5822f295f) Importer(815301076,1909f56bfc062723c751e8b465ee728b)  -> (artifact id: '47d03de61d863dae0cf78d8b8edd9922') in 0.014749 seconds
Number of updated asset objects reloaded before import = 0
Number of asset objects unloaded after import = 27
========================================================================
Received Import Request.
  Time since last request: 36.240129 seconds.
  path: Assets/Resources/UpgardePrefabs/RareDamageUpgrade.prefab
  artifactKey: Guid(956bbb80c1efcb040b4277e5822f295f) Importer(815301076,1909f56bfc062723c751e8b465ee728b)
Start importing Assets/Resources/UpgardePrefabs/RareDamageUpgrade.prefab using Guid(956bbb80c1efcb040b4277e5822f295f) Importer(815301076,1909f56bfc062723c751e8b465ee728b)  -> (artifact id: 'b25ec37286a988d9848ceb0ac5f45055') in 0.014853 seconds
Number of updated asset objects reloaded before import = 0
Number of asset objects unloaded after import = 27
========================================================================
Received Import Request.
  Time since last request: 9.106620 seconds.
  path: Assets/Resources/UpgardePrefabs/CommonDamageUpgrade.prefab
  artifactKey: Guid(52d95dc72ca535e41ab60379000f095f) Importer(815301076,1909f56bfc062723c751e8b465ee728b)
Start importing Assets/Resources/UpgardePrefabs/CommonDamageUpgrade.prefab using Guid(52d95dc72ca535e41ab60379000f095f) Importer(815301076,1909f56bfc062723c751e8b465ee728b)  -> (artifact id: '1d39ec2c5c0968f1c643bd0c905ddd33') in 0.013323 seconds
Number of updated asset objects reloaded before import = 0
Number of asset objects unloaded after import = 27
========================================================================
Received Import Request.
  Time since last request: 29.149545 seconds.
  path: Assets/Resources/UpgardePrefabs/CommonDamageUpgrade.prefab
  artifactKey: Guid(52d95dc72ca535e41ab60379000f095f) Importer(815301076,1909f56bfc062723c751e8b465ee728b)
Start importing Assets/Resources/UpgardePrefabs/CommonDamageUpgrade.prefab using Guid(52d95dc72ca535e41ab60379000f095f) Importer(815301076,1909f56bfc062723c751e8b465ee728b)  -> (artifact id: '146de321e3a8a56fa1ff5c317cd3a483') in 0.013385 seconds
Number of updated asset objects reloaded before import = 0
Number of asset objects unloaded after import = 27
========================================================================
Received Import Request.
  Time since last request: 12.459333 seconds.
  path: Assets/Resources/UpgardePrefabs/RareDamageUpgrade.prefab
  artifactKey: Guid(956bbb80c1efcb040b4277e5822f295f) Importer(815301076,1909f56bfc062723c751e8b465ee728b)
Start importing Assets/Resources/UpgardePrefabs/RareDamageUpgrade.prefab using Guid(956bbb80c1efcb040b4277e5822f295f) Importer(815301076,1909f56bfc062723c751e8b465ee728b)  -> (artifact id: '3a1d9a9d4c3bcaed94c81200f3b168cf') in 0.014377 seconds
Number of updated asset objects reloaded before import = 0
Number of asset objects unloaded after import = 27
========================================================================
Received Import Request.
  Time since last request: 6.024758 seconds.
  path: Assets/Resources/UpgardePrefabs/RareDamageUpgrade.prefab
  artifactKey: Guid(956bbb80c1efcb040b4277e5822f295f) Importer(815301076,1909f56bfc062723c751e8b465ee728b)
Start importing Assets/Resources/UpgardePrefabs/RareDamageUpgrade.prefab using Guid(956bbb80c1efcb040b4277e5822f295f) Importer(815301076,1909f56bfc062723c751e8b465ee728b)  -> (artifact id: '76285eae62f3d6e9f151c78871e7d70e') in 0.013786 seconds
Number of updated asset objects reloaded before import = 0
Number of asset objects unloaded after import = 27
========================================================================
Received Import Request.
  Time since last request: 3.411495 seconds.
  path: Assets/Resources/UpgardePrefabs/RareDamageUpgrade.prefab
  artifactKey: Guid(956bbb80c1efcb040b4277e5822f295f) Importer(815301076,1909f56bfc062723c751e8b465ee728b)
Start importing Assets/Resources/UpgardePrefabs/RareDamageUpgrade.prefab using Guid(956bbb80c1efcb040b4277e5822f295f) Importer(815301076,1909f56bfc062723c751e8b465ee728b)  -> (artifact id: '423e6b8f5971580b3e1519c49184c393') in 0.013948 seconds
Number of updated asset objects reloaded before import = 0
Number of asset objects unloaded after import = 27
========================================================================
Received Import Request.
  Time since last request: 2.834787 seconds.
  path: Assets/Resources/UpgardePrefabs/RareDamageUpgrade.prefab
  artifactKey: Guid(956bbb80c1efcb040b4277e5822f295f) Importer(815301076,1909f56bfc062723c751e8b465ee728b)
Start importing Assets/Resources/UpgardePrefabs/RareDamageUpgrade.prefab using Guid(956bbb80c1efcb040b4277e5822f295f) Importer(815301076,1909f56bfc062723c751e8b465ee728b)  -> (artifact id: '5f207eed98ca863d0f00d4c2bcf99532') in 0.013472 seconds
Number of updated asset objects reloaded before import = 0
Number of asset objects unloaded after import = 27
========================================================================
Received Import Request.
  Time since last request: 3.660862 seconds.
  path: Assets/Resources/UpgardePrefabs/RareDamageUpgrade.prefab
  artifactKey: Guid(956bbb80c1efcb040b4277e5822f295f) Importer(815301076,1909f56bfc062723c751e8b465ee728b)
Start importing Assets/Resources/UpgardePrefabs/RareDamageUpgrade.prefab using Guid(956bbb80c1efcb040b4277e5822f295f) Importer(815301076,1909f56bfc062723c751e8b465ee728b)  -> (artifact id: 'a2bd9419aee18f4961a7d97c04e136b3') in 0.013784 seconds
Number of updated asset objects reloaded before import = 0
Number of asset objects unloaded after import = 27
========================================================================
Received Import Request.
  Time since last request: 19.106426 seconds.
  path: Assets/Resources/UpgardePrefabs/RareDamageUpgrade.prefab
  artifactKey: Guid(956bbb80c1efcb040b4277e5822f295f) Importer(815301076,1909f56bfc062723c751e8b465ee728b)
Start importing Assets/Resources/UpgardePrefabs/RareDamageUpgrade.prefab using Guid(956bbb80c1efcb040b4277e5822f295f) Importer(815301076,1909f56bfc062723c751e8b465ee728b)  -> (artifact id: '8d6fd7b1a3afddc6f9432648391a0dc4') in 0.014118 seconds
Number of updated asset objects reloaded before import = 0
Number of asset objects unloaded after import = 27
========================================================================
Received Import Request.
  Time since last request: 1.808555 seconds.
  path: Assets/Resources/UpgardePrefabs/RareDamageUpgrade.prefab
  artifactKey: Guid(956bbb80c1efcb040b4277e5822f295f) Importer(815301076,1909f56bfc062723c751e8b465ee728b)
Start importing Assets/Resources/UpgardePrefabs/RareDamageUpgrade.prefab using Guid(956bbb80c1efcb040b4277e5822f295f) Importer(815301076,1909f56bfc062723c751e8b465ee728b)  -> (artifact id: 'cb47c5b8e857c674ed3b423a68ec73d6') in 0.013638 seconds
Number of updated asset objects reloaded before import = 0
Number of asset objects unloaded after import = 27
========================================================================
Received Import Request.
  Time since last request: 2.799032 seconds.
  path: Assets/Resources/UpgardePrefabs/RareDamageUpgrade.prefab
  artifactKey: Guid(956bbb80c1efcb040b4277e5822f295f) Importer(815301076,1909f56bfc062723c751e8b465ee728b)
Start importing Assets/Resources/UpgardePrefabs/RareDamageUpgrade.prefab using Guid(956bbb80c1efcb040b4277e5822f295f) Importer(815301076,1909f56bfc062723c751e8b465ee728b)  -> (artifact id: '601dae8e42c8072cfbea5ced18b33b91') in 0.013181 seconds
Number of updated asset objects reloaded before import = 0
Number of asset objects unloaded after import = 27
========================================================================
Received Import Request.
  Time since last request: 31.543658 seconds.
  path: Assets/Resources/UpgardePrefabs/CommonDamageUpgrade 1.prefab
  artifactKey: Guid(dffb2a7beb789904ca599c59e2671f89) Importer(815301076,1909f56bfc062723c751e8b465ee728b)
Start importing Assets/Resources/UpgardePrefabs/CommonDamageUpgrade 1.prefab using Guid(dffb2a7beb789904ca599c59e2671f89) Importer(815301076,1909f56bfc062723c751e8b465ee728b)  -> (artifact id: '1b734674c26913af31e76731475cb8d3') in 0.013466 seconds
Number of updated asset objects reloaded before import = 0
Number of asset objects unloaded after import = 27
========================================================================
Received Import Request.
  Time since last request: 21.720237 seconds.
  path: Assets/Resources/UpgardePrefabs/CommonShotspeedUpgrade.prefab
  artifactKey: Guid(dffb2a7beb789904ca599c59e2671f89) Importer(815301076,1909f56bfc062723c751e8b465ee728b)
Start importing Assets/Resources/UpgardePrefabs/CommonShotspeedUpgrade.prefab using Guid(dffb2a7beb789904ca599c59e2671f89) Importer(815301076,1909f56bfc062723c751e8b465ee728b)  -> (artifact id: 'ddd9388909d44dc78efb061c3a64c4a4') in 0.013859 seconds
Number of updated asset objects reloaded before import = 0
Number of asset objects unloaded after import = 27
========================================================================
Received Import Request.
  Time since last request: 10.003935 seconds.
  path: Assets/Resources/UpgardePrefabs/CommonShotspeedUpgrade.prefab
  artifactKey: Guid(dffb2a7beb789904ca599c59e2671f89) Importer(815301076,1909f56bfc062723c751e8b465ee728b)
Start importing Assets/Resources/UpgardePrefabs/CommonShotspeedUpgrade.prefab using Guid(dffb2a7beb789904ca599c59e2671f89) Importer(815301076,1909f56bfc062723c751e8b465ee728b)  -> (artifact id: '2e68631e99711b302cd43902b9d42109') in 0.013819 seconds
Number of updated asset objects reloaded before import = 0
Number of asset objects unloaded after import = 27
========================================================================
Received Import Request.
  Time since last request: 11.484029 seconds.
  path: Assets/Resources/UpgardePrefabs/CommonShotspeedUpgrade.prefab
  artifactKey: Guid(dffb2a7beb789904ca599c59e2671f89) Importer(815301076,1909f56bfc062723c751e8b465ee728b)
Start importing Assets/Resources/UpgardePrefabs/CommonShotspeedUpgrade.prefab using Guid(dffb2a7beb789904ca599c59e2671f89) Importer(815301076,1909f56bfc062723c751e8b465ee728b)  -> (artifact id: '632a7b8f1d61d50864a326aa8655e4cf') in 0.013198 seconds
Number of updated asset objects reloaded before import = 0
Number of asset objects unloaded after import = 27
========================================================================
Received Import Request.
  Time since last request: 3.397156 seconds.
  path: Assets/Resources/UpgardePrefabs/CommonShotspeedUpgrade.prefab
  artifactKey: Guid(dffb2a7beb789904ca599c59e2671f89) Importer(815301076,1909f56bfc062723c751e8b465ee728b)
Start importing Assets/Resources/UpgardePrefabs/CommonShotspeedUpgrade.prefab using Guid(dffb2a7beb789904ca599c59e2671f89) Importer(815301076,1909f56bfc062723c751e8b465ee728b)  -> (artifact id: '1f9b4ffc9fb06507e5b41c10b0d6bfca') in 0.013168 seconds
Number of updated asset objects reloaded before import = 0
Number of asset objects unloaded after import = 27
========================================================================
Received Import Request.
  Time since last request: 12.138712 seconds.
  path: Assets/Resources/UpgardePrefabs/CommonShotspeedUpgrade.prefab
  artifactKey: Guid(dffb2a7beb789904ca599c59e2671f89) Importer(815301076,1909f56bfc062723c751e8b465ee728b)
Start importing Assets/Resources/UpgardePrefabs/CommonShotspeedUpgrade.prefab using Guid(dffb2a7beb789904ca599c59e2671f89) Importer(815301076,1909f56bfc062723c751e8b465ee728b)  -> (artifact id: '51291301b282d623ba2836ee2610794b') in 0.014087 seconds
Number of updated asset objects reloaded before import = 0
Number of asset objects unloaded after import = 27
========================================================================
Received Import Request.
  Time since last request: 21.416064 seconds.
  path: Assets/Resources/UpgardePrefabs/CommonShotspeedUpgrade 1.prefab
  artifactKey: Guid(b6a2e1f95a1b69d43bc945c0d2af9e96) Importer(815301076,1909f56bfc062723c751e8b465ee728b)
Start importing Assets/Resources/UpgardePrefabs/CommonShotspeedUpgrade 1.prefab using Guid(b6a2e1f95a1b69d43bc945c0d2af9e96) Importer(815301076,1909f56bfc062723c751e8b465ee728b)  -> (artifact id: 'a2c96a2faac25d7f2bff44e5fbb34128') in 0.013976 seconds
Number of updated asset objects reloaded before import = 0
Number of asset objects unloaded after import = 27
========================================================================
Received Import Request.
  Time since last request: 9.165924 seconds.
  path: Assets/Resources/UpgardePrefabs/RareShotspeedUpgrade.prefab
  artifactKey: Guid(b6a2e1f95a1b69d43bc945c0d2af9e96) Importer(815301076,1909f56bfc062723c751e8b465ee728b)
Start importing Assets/Resources/UpgardePrefabs/RareShotspeedUpgrade.prefab using Guid(b6a2e1f95a1b69d43bc945c0d2af9e96) Importer(815301076,1909f56bfc062723c751e8b465ee728b)  -> (artifact id: '91cb333057cbb2e2d6bc650eeec59bd5') in 0.012831 seconds
Number of updated asset objects reloaded before import = 0
Number of asset objects unloaded after import = 27
========================================================================
Received Import Request.
  Time since last request: 15.040665 seconds.
  path: Assets/Resources/UpgardePrefabs/RareShotspeedUpgrade.prefab
  artifactKey: Guid(b6a2e1f95a1b69d43bc945c0d2af9e96) Importer(815301076,1909f56bfc062723c751e8b465ee728b)
Start importing Assets/Resources/UpgardePrefabs/RareShotspeedUpgrade.prefab using Guid(b6a2e1f95a1b69d43bc945c0d2af9e96) Importer(815301076,1909f56bfc062723c751e8b465ee728b)  -> (artifact id: '8760753af221996316ff315abfec616c') in 0.013615 seconds
Number of updated asset objects reloaded before import = 0
Number of asset objects unloaded after import = 27
========================================================================
Received Import Request.
  Time since last request: 6.018838 seconds.
  path: Assets/Resources/UpgardePrefabs/RareShotspeedUpgrade.prefab
  artifactKey: Guid(b6a2e1f95a1b69d43bc945c0d2af9e96) Importer(815301076,1909f56bfc062723c751e8b465ee728b)
Start importing Assets/Resources/UpgardePrefabs/RareShotspeedUpgrade.prefab using Guid(b6a2e1f95a1b69d43bc945c0d2af9e96) Importer(815301076,1909f56bfc062723c751e8b465ee728b)  -> (artifact id: '3dd4f931a3bc2b1ea01e7714163c0b86') in 0.013450 seconds
Number of updated asset objects reloaded before import = 0
Number of asset objects unloaded after import = 27
========================================================================
Received Import Request.
  Time since last request: 21.212215 seconds.
  path: Assets/Resources/UpgardePrefabs/CommonShotspeedUpgrade 1.prefab
  artifactKey: Guid(51eb3d39102ff1c46b58f4959c121eb7) Importer(815301076,1909f56bfc062723c751e8b465ee728b)
Start importing Assets/Resources/UpgardePrefabs/CommonShotspeedUpgrade 1.prefab using Guid(51eb3d39102ff1c46b58f4959c121eb7) Importer(815301076,1909f56bfc062723c751e8b465ee728b)  -> (artifact id: '7b5e1bba39498ab78cfdf49c422a6795') in 0.013376 seconds
Number of updated asset objects reloaded before import = 0
Number of asset objects unloaded after import = 27
========================================================================
Received Import Request.
  Time since last request: 8.405010 seconds.
  path: Assets/Resources/UpgardePrefabs/CommonShotrangeUpgrade.prefab
  artifactKey: Guid(51eb3d39102ff1c46b58f4959c121eb7) Importer(815301076,1909f56bfc062723c751e8b465ee728b)
Start importing Assets/Resources/UpgardePrefabs/CommonShotrangeUpgrade.prefab using Guid(51eb3d39102ff1c46b58f4959c121eb7) Importer(815301076,1909f56bfc062723c751e8b465ee728b)  -> (artifact id: '39894f96e889995aece259ded863ed56') in 0.014571 seconds
Number of updated asset objects reloaded before import = 0
Number of asset objects unloaded after import = 27
========================================================================
Received Import Request.
  Time since last request: 12.927766 seconds.
  path: Assets/Resources/UpgardePrefabs/CommonShotrangeUpgrade.prefab
  artifactKey: Guid(51eb3d39102ff1c46b58f4959c121eb7) Importer(815301076,1909f56bfc062723c751e8b465ee728b)
Start importing Assets/Resources/UpgardePrefabs/CommonShotrangeUpgrade.prefab using Guid(51eb3d39102ff1c46b58f4959c121eb7) Importer(815301076,1909f56bfc062723c751e8b465ee728b)  -> (artifact id: 'a0aaa3585e1617e627b01890c7d2e0af') in 0.013494 seconds
Number of updated asset objects reloaded before import = 0
Number of asset objects unloaded after import = 27
========================================================================
Received Import Request.
  Time since last request: 29.688555 seconds.
  path: Assets/Resources/UpgardePrefabs/CommonShotrangeUpgrade.prefab
  artifactKey: Guid(51eb3d39102ff1c46b58f4959c121eb7) Importer(815301076,1909f56bfc062723c751e8b465ee728b)
Start importing Assets/Resources/UpgardePrefabs/CommonShotrangeUpgrade.prefab using Guid(51eb3d39102ff1c46b58f4959c121eb7) Importer(815301076,1909f56bfc062723c751e8b465ee728b)  -> (artifact id: 'edc611184c7bb204fa94ae5bcd3abc7b') in 0.014364 seconds
Number of updated asset objects reloaded before import = 0
Number of asset objects unloaded after import = 27
========================================================================
Received Import Request.
  Time since last request: 44.016309 seconds.
  path: Assets/Resources/UpgardePrefabs/CommonShotspeedUpgrade.prefab
  artifactKey: Guid(dffb2a7beb789904ca599c59e2671f89) Importer(815301076,1909f56bfc062723c751e8b465ee728b)
Start importing Assets/Resources/UpgardePrefabs/CommonShotspeedUpgrade.prefab using Guid(dffb2a7beb789904ca599c59e2671f89) Importer(815301076,1909f56bfc062723c751e8b465ee728b)  -> (artifact id: 'ea094b2154af1c41dbbe1f342f22c994') in 0.013258 seconds
Number of updated asset objects reloaded before import = 0
Number of asset objects unloaded after import = 27
========================================================================
Received Import Request.
  Time since last request: 3.081840 seconds.
  path: Assets/Resources/UpgardePrefabs/CommonShotspeedUpgrade.prefab
  artifactKey: Guid(dffb2a7beb789904ca599c59e2671f89) Importer(815301076,1909f56bfc062723c751e8b465ee728b)
Start importing Assets/Resources/UpgardePrefabs/CommonShotspeedUpgrade.prefab using Guid(dffb2a7beb789904ca599c59e2671f89) Importer(815301076,1909f56bfc062723c751e8b465ee728b)  -> (artifact id: 'f18742aad834617da76d55f9f83504a6') in 0.013244 seconds
Number of updated asset objects reloaded before import = 0
Number of asset objects unloaded after import = 27
========================================================================
Received Import Request.
  Time since last request: 8.594842 seconds.
  path: Assets/Resources/UpgardePrefabs/RareDamageUpgrade.prefab
  artifactKey: Guid(956bbb80c1efcb040b4277e5822f295f) Importer(815301076,1909f56bfc062723c751e8b465ee728b)
Start importing Assets/Resources/UpgardePrefabs/RareDamageUpgrade.prefab using Guid(956bbb80c1efcb040b4277e5822f295f) Importer(815301076,1909f56bfc062723c751e8b465ee728b)  -> (artifact id: '59f2466c29dbf4d3d8337601c6e89996') in 0.015599 seconds
Number of updated asset objects reloaded before import = 0
Number of asset objects unloaded after import = 27
========================================================================
Received Import Request.
  Time since last request: 3.202973 seconds.
  path: Assets/Resources/UpgardePrefabs/RareDamageUpgrade.prefab
  artifactKey: Guid(956bbb80c1efcb040b4277e5822f295f) Importer(815301076,1909f56bfc062723c751e8b465ee728b)
Start importing Assets/Resources/UpgardePrefabs/RareDamageUpgrade.prefab using Guid(956bbb80c1efcb040b4277e5822f295f) Importer(815301076,1909f56bfc062723c751e8b465ee728b)  -> (artifact id: '1ada9bb274e8d4dbaf57e9a3d7f2c968') in 0.013435 seconds
Number of updated asset objects reloaded before import = 0
Number of asset objects unloaded after import = 27
========================================================================
Received Import Request.
  Time since last request: 4.678136 seconds.
  path: Assets/Resources/UpgardePrefabs/CommonDamageUpgrade.prefab
  artifactKey: Guid(52d95dc72ca535e41ab60379000f095f) Importer(815301076,1909f56bfc062723c751e8b465ee728b)
Start importing Assets/Resources/UpgardePrefabs/CommonDamageUpgrade.prefab using Guid(52d95dc72ca535e41ab60379000f095f) Importer(815301076,1909f56bfc062723c751e8b465ee728b)  -> (artifact id: '583a1ed7c788e5cf0315c29c812bb9d1') in 0.014759 seconds
Number of updated asset objects reloaded before import = 0
Number of asset objects unloaded after import = 27
========================================================================
Received Import Request.
  Time since last request: 0.171044 seconds.
  path: Assets/Resources/UpgardePrefabs/CommonDamageUpgrade.prefab
  artifactKey: Guid(52d95dc72ca535e41ab60379000f095f) Importer(815301076,1909f56bfc062723c751e8b465ee728b)
Start importing Assets/Resources/UpgardePrefabs/CommonDamageUpgrade.prefab using Guid(52d95dc72ca535e41ab60379000f095f) Importer(815301076,1909f56bfc062723c751e8b465ee728b)  -> (artifact id: 'dffe9cbec847872db958541096fbc2a0') in 0.013102 seconds
Number of updated asset objects reloaded before import = 0
Number of asset objects unloaded after import = 27
========================================================================
Received Import Request.
  Time since last request: 20.984696 seconds.
  path: Assets/Resources/UpgardePrefabs/RareShotspeedUpgrade.prefab
  artifactKey: Guid(b6a2e1f95a1b69d43bc945c0d2af9e96) Importer(815301076,1909f56bfc062723c751e8b465ee728b)
Start importing Assets/Resources/UpgardePrefabs/RareShotspeedUpgrade.prefab using Guid(b6a2e1f95a1b69d43bc945c0d2af9e96) Importer(815301076,1909f56bfc062723c751e8b465ee728b)  -> (artifact id: '35b64ee8bb0eeb189f7af48238df14a7') in 0.014446 seconds
Number of updated asset objects reloaded before import = 0
Number of asset objects unloaded after import = 27
========================================================================
Received Import Request.
  Time since last request: 3.795763 seconds.
  path: Assets/Resources/UpgardePrefabs/RareShotspeedUpgrade.prefab
  artifactKey: Guid(b6a2e1f95a1b69d43bc945c0d2af9e96) Importer(815301076,1909f56bfc062723c751e8b465ee728b)
Start importing Assets/Resources/UpgardePrefabs/RareShotspeedUpgrade.prefab using Guid(b6a2e1f95a1b69d43bc945c0d2af9e96) Importer(815301076,1909f56bfc062723c751e8b465ee728b)  -> (artifact id: '8b511d92a05091ccd6b20997a91506ff') in 0.014096 seconds
Number of updated asset objects reloaded before import = 0
Number of asset objects unloaded after import = 27
========================================================================
Received Import Request.
  Time since last request: 10.693126 seconds.
  path: Assets/Resources/UpgardePrefabs/CommonShotrangeUpgrade.prefab
  artifactKey: Guid(51eb3d39102ff1c46b58f4959c121eb7) Importer(815301076,1909f56bfc062723c751e8b465ee728b)
Start importing Assets/Resources/UpgardePrefabs/CommonShotrangeUpgrade.prefab using Guid(51eb3d39102ff1c46b58f4959c121eb7) Importer(815301076,1909f56bfc062723c751e8b465ee728b)  -> (artifact id: '2edf15cccd73811816566e1474aa75b6') in 0.013456 seconds
Number of updated asset objects reloaded before import = 0
Number of asset objects unloaded after import = 27
========================================================================
Received Import Request.
  Time since last request: 14.338463 seconds.
  path: Assets/Resources/UpgardePrefabs/CommonShotrangeUpgrade.prefab
  artifactKey: Guid(51eb3d39102ff1c46b58f4959c121eb7) Importer(815301076,1909f56bfc062723c751e8b465ee728b)
Start importing Assets/Resources/UpgardePrefabs/CommonShotrangeUpgrade.prefab using Guid(51eb3d39102ff1c46b58f4959c121eb7) Importer(815301076,1909f56bfc062723c751e8b465ee728b)  -> (artifact id: '93d48a49101f9ea4340ebd5aad986578') in 0.014207 seconds
Number of updated asset objects reloaded before import = 0
Number of asset objects unloaded after import = 27
========================================================================
Received Import Request.
  Time since last request: 5.929871 seconds.
  path: Assets/Resources/UpgardePrefabs/CommonShotrangeUpgrade.prefab
  artifactKey: Guid(51eb3d39102ff1c46b58f4959c121eb7) Importer(815301076,1909f56bfc062723c751e8b465ee728b)
Start importing Assets/Resources/UpgardePrefabs/CommonShotrangeUpgrade.prefab using Guid(51eb3d39102ff1c46b58f4959c121eb7) Importer(815301076,1909f56bfc062723c751e8b465ee728b)  -> (artifact id: 'b8644e6715970d686edd8e8b30e6653b') in 0.015721 seconds
Number of updated asset objects reloaded before import = 0
Number of asset objects unloaded after import = 27
========================================================================
Received Import Request.
  Time since last request: 13.161412 seconds.
  path: Assets/Resources/UpgardePrefabs/CommonShotSpeedUpgrade.prefab
  artifactKey: Guid(dffb2a7beb789904ca599c59e2671f89) Importer(815301076,1909f56bfc062723c751e8b465ee728b)
Start importing Assets/Resources/UpgardePrefabs/CommonShotSpeedUpgrade.prefab using Guid(dffb2a7beb789904ca599c59e2671f89) Importer(815301076,1909f56bfc062723c751e8b465ee728b)  -> (artifact id: 'af836a1ed37d1d0c2f207d971df8dc04') in 0.014894 seconds
Number of updated asset objects reloaded before import = 0
Number of asset objects unloaded after import = 27
========================================================================
Received Import Request.
  Time since last request: 5.929471 seconds.
  path: Assets/Resources/UpgardePrefabs/RareShotSpeedUpgrade.prefab
  artifactKey: Guid(b6a2e1f95a1b69d43bc945c0d2af9e96) Importer(815301076,1909f56bfc062723c751e8b465ee728b)
Start importing Assets/Resources/UpgardePrefabs/RareShotSpeedUpgrade.prefab using Guid(b6a2e1f95a1b69d43bc945c0d2af9e96) Importer(815301076,1909f56bfc062723c751e8b465ee728b)  -> (artifact id: '25741184bd4aa65f2c8ea0caaa4d1051') in 0.015209 seconds
Number of updated asset objects reloaded before import = 0
Number of asset objects unloaded after import = 27
========================================================================
Received Import Request.
  Time since last request: 4.735400 seconds.
  path: Assets/Resources/UpgardePrefabs/CommonShotRangeUpgrade.prefab
  artifactKey: Guid(51eb3d39102ff1c46b58f4959c121eb7) Importer(815301076,1909f56bfc062723c751e8b465ee728b)
Start importing Assets/Resources/UpgardePrefabs/CommonShotRangeUpgrade.prefab using Guid(51eb3d39102ff1c46b58f4959c121eb7) Importer(815301076,1909f56bfc062723c751e8b465ee728b)  -> (artifact id: '3e5e1089a6e58b30497bdb123739af4d') in 0.016516 seconds
Number of updated asset objects reloaded before import = 0
Number of asset objects unloaded after import = 27
========================================================================
Received Import Request.
  Time since last request: 1.577781 seconds.
  path: Assets/Resources/UpgardePrefabs/CommonShotRangeUpgrade 1.prefab
  artifactKey: Guid(93153b00c4ca03746b71860f240b97a9) Importer(815301076,1909f56bfc062723c751e8b465ee728b)
Start importing Assets/Resources/UpgardePrefabs/CommonShotRangeUpgrade 1.prefab using Guid(93153b00c4ca03746b71860f240b97a9) Importer(815301076,1909f56bfc062723c751e8b465ee728b)  -> (artifact id: '8cf0ada8edc27fdb2cd66d537959f863') in 0.014856 seconds
Number of updated asset objects reloaded before import = 0
Number of asset objects unloaded after import = 27
========================================================================
Received Import Request.
  Time since last request: 9.105860 seconds.
  path: Assets/Resources/UpgardePrefabs/RareShotRangeUpgrade.prefab
  artifactKey: Guid(93153b00c4ca03746b71860f240b97a9) Importer(815301076,1909f56bfc062723c751e8b465ee728b)
Start importing Assets/Resources/UpgardePrefabs/RareShotRangeUpgrade.prefab using Guid(93153b00c4ca03746b71860f240b97a9) Importer(815301076,1909f56bfc062723c751e8b465ee728b)  -> (artifact id: 'd0b9e3997dcdb27c2182e281577fbd48') in 0.015096 seconds
Number of updated asset objects reloaded before import = 0
Number of asset objects unloaded after import = 27
========================================================================
Received Import Request.
  Time since last request: 8.275634 seconds.
  path: Assets/Resources/UpgardePrefabs/RareShotRangeUpgrade.prefab
  artifactKey: Guid(93153b00c4ca03746b71860f240b97a9) Importer(815301076,1909f56bfc062723c751e8b465ee728b)
Start importing Assets/Resources/UpgardePrefabs/RareShotRangeUpgrade.prefab using Guid(93153b00c4ca03746b71860f240b97a9) Importer(815301076,1909f56bfc062723c751e8b465ee728b)  -> (artifact id: 'de776ecc783b77f621c91f1c2845a337') in 0.015485 seconds
Number of updated asset objects reloaded before import = 0
Number of asset objects unloaded after import = 27
========================================================================
Received Import Request.
  Time since last request: 5.187973 seconds.
  path: Assets/Resources/UpgardePrefabs/RareShotRangeUpgrade.prefab
  artifactKey: Guid(93153b00c4ca03746b71860f240b97a9) Importer(815301076,1909f56bfc062723c751e8b465ee728b)
Start importing Assets/Resources/UpgardePrefabs/RareShotRangeUpgrade.prefab using Guid(93153b00c4ca03746b71860f240b97a9) Importer(815301076,1909f56bfc062723c751e8b465ee728b)  -> (artifact id: 'f54f584b3bdf29b8ffad0c666e1336a5') in 0.015701 seconds
Number of updated asset objects reloaded before import = 0
Number of asset objects unloaded after import = 27
========================================================================
Received Import Request.
  Time since last request: 31.181254 seconds.
  path: Assets/Resources/UpgardePrefabs/CommonShotSpeedUpgrade 1.prefab
  artifactKey: Guid(762e27bc95637604dbc5b12997e19fd2) Importer(815301076,1909f56bfc062723c751e8b465ee728b)
Start importing Assets/Resources/UpgardePrefabs/CommonShotSpeedUpgrade 1.prefab using Guid(762e27bc95637604dbc5b12997e19fd2) Importer(815301076,1909f56bfc062723c751e8b465ee728b)  -> (artifact id: '92ddeefd7b4e37eab16708816df1d291') in 0.014847 seconds
Number of updated asset objects reloaded before import = 0
Number of asset objects unloaded after import = 27
========================================================================
Received Import Request.
  Time since last request: 16.395626 seconds.
  path: Assets/Resources/UpgardePrefabs/CommonShotCooldownUpgrade.prefab
  artifactKey: Guid(762e27bc95637604dbc5b12997e19fd2) Importer(815301076,1909f56bfc062723c751e8b465ee728b)
Start importing Assets/Resources/UpgardePrefabs/CommonShotCooldownUpgrade.prefab using Guid(762e27bc95637604dbc5b12997e19fd2) Importer(815301076,1909f56bfc062723c751e8b465ee728b)  -> (artifact id: 'c077092e84b1b21d4d8b3fb1a9c4b140') in 0.014084 seconds
Number of updated asset objects reloaded before import = 0
Number of asset objects unloaded after import = 27
========================================================================
Received Import Request.
  Time since last request: 21.118730 seconds.
  path: Assets/Resources/UpgardePrefabs/CommonShotCooldownUpgrade.prefab
  artifactKey: Guid(762e27bc95637604dbc5b12997e19fd2) Importer(815301076,1909f56bfc062723c751e8b465ee728b)
Start importing Assets/Resources/UpgardePrefabs/CommonShotCooldownUpgrade.prefab using Guid(762e27bc95637604dbc5b12997e19fd2) Importer(815301076,1909f56bfc062723c751e8b465ee728b)  -> (artifact id: '65d301d6105e72ed35a324f0d88652d0') in 0.014693 seconds
Number of updated asset objects reloaded before import = 0
Number of asset objects unloaded after import = 27
========================================================================
Received Import Request.
  Time since last request: 37.310190 seconds.
  path: Assets/Resources/UpgardePrefabs/CommonShotCooldownUpgrade.prefab
  artifactKey: Guid(762e27bc95637604dbc5b12997e19fd2) Importer(815301076,1909f56bfc062723c751e8b465ee728b)
Start importing Assets/Resources/UpgardePrefabs/CommonShotCooldownUpgrade.prefab using Guid(762e27bc95637604dbc5b12997e19fd2) Importer(815301076,1909f56bfc062723c751e8b465ee728b)  -> (artifact id: '522fa8dfecfc72192c1fda98aed4c3e4') in 0.015470 seconds
Number of updated asset objects reloaded before import = 0
Number of asset objects unloaded after import = 27
========================================================================
Received Import Request.
  Time since last request: 9.005973 seconds.
  path: Assets/Resources/UpgardePrefabs/CommonDamageUpgrade.prefab
  artifactKey: Guid(52d95dc72ca535e41ab60379000f095f) Importer(815301076,1909f56bfc062723c751e8b465ee728b)
Start importing Assets/Resources/UpgardePrefabs/CommonDamageUpgrade.prefab using Guid(52d95dc72ca535e41ab60379000f095f) Importer(815301076,1909f56bfc062723c751e8b465ee728b)  -> (artifact id: '85b67de96e5431d73799108fb7642019') in 0.015300 seconds
Number of updated asset objects reloaded before import = 0
Number of asset objects unloaded after import = 27
========================================================================
Received Import Request.
  Time since last request: 14.090752 seconds.
  path: Assets/Resources/UpgardePrefabs/CommonShotRangeUpgrade.prefab
  artifactKey: Guid(51eb3d39102ff1c46b58f4959c121eb7) Importer(815301076,1909f56bfc062723c751e8b465ee728b)
Start importing Assets/Resources/UpgardePrefabs/CommonShotRangeUpgrade.prefab using Guid(51eb3d39102ff1c46b58f4959c121eb7) Importer(815301076,1909f56bfc062723c751e8b465ee728b)  -> (artifact id: 'f768516788427dfecf486b0a1654b99b') in 0.014350 seconds
Number of updated asset objects reloaded before import = 0
Number of asset objects unloaded after import = 27
========================================================================
Received Import Request.
  Time since last request: 5.059219 seconds.
  path: Assets/Resources/UpgardePrefabs/CommonShotSpeedUpgrade.prefab
  artifactKey: Guid(dffb2a7beb789904ca599c59e2671f89) Importer(815301076,1909f56bfc062723c751e8b465ee728b)
Start importing Assets/Resources/UpgardePrefabs/CommonShotSpeedUpgrade.prefab using Guid(dffb2a7beb789904ca599c59e2671f89) Importer(815301076,1909f56bfc062723c751e8b465ee728b)  -> (artifact id: '08aa939ecad92603a3c23e2bf214fa7d') in 0.015536 seconds
Number of updated asset objects reloaded before import = 0
Number of asset objects unloaded after import = 27
========================================================================
Received Import Request.
  Time since last request: 5.415304 seconds.
  path: Assets/Resources/UpgardePrefabs/RareDamageUpgrade.prefab
  artifactKey: Guid(956bbb80c1efcb040b4277e5822f295f) Importer(815301076,1909f56bfc062723c751e8b465ee728b)
Start importing Assets/Resources/UpgardePrefabs/RareDamageUpgrade.prefab using Guid(956bbb80c1efcb040b4277e5822f295f) Importer(815301076,1909f56bfc062723c751e8b465ee728b)  -> (artifact id: '68be1ca4a2b7d4166afdfff58abe40d0') in 0.014628 seconds
Number of updated asset objects reloaded before import = 0
Number of asset objects unloaded after import = 27
========================================================================
Received Import Request.
  Time since last request: 6.847245 seconds.
  path: Assets/Resources/UpgardePrefabs/RareShotRangeUpgrade.prefab
  artifactKey: Guid(93153b00c4ca03746b71860f240b97a9) Importer(815301076,1909f56bfc062723c751e8b465ee728b)
Start importing Assets/Resources/UpgardePrefabs/RareShotRangeUpgrade.prefab using Guid(93153b00c4ca03746b71860f240b97a9) Importer(815301076,1909f56bfc062723c751e8b465ee728b)  -> (artifact id: '541df90888442ec36bf322f5e77b10c8') in 0.015191 seconds
Number of updated asset objects reloaded before import = 0
Number of asset objects unloaded after import = 27
========================================================================
Received Import Request.
  Time since last request: 6.837236 seconds.
  path: Assets/Resources/UpgardePrefabs/RareShotSpeedUpgrade.prefab
  artifactKey: Guid(b6a2e1f95a1b69d43bc945c0d2af9e96) Importer(815301076,1909f56bfc062723c751e8b465ee728b)
Start importing Assets/Resources/UpgardePrefabs/RareShotSpeedUpgrade.prefab using Guid(b6a2e1f95a1b69d43bc945c0d2af9e96) Importer(815301076,1909f56bfc062723c751e8b465ee728b)  -> (artifact id: '68bf9e8b422073cf00685b0a968fbc1f') in 0.014350 seconds
Number of updated asset objects reloaded before import = 0
Number of asset objects unloaded after import = 27
========================================================================
Received Import Request.
  Time since last request: 21.427174 seconds.
  path: Assets/Resources/UpgardePrefabs/CommonCooldownUpgrade.prefab
  artifactKey: Guid(762e27bc95637604dbc5b12997e19fd2) Importer(815301076,1909f56bfc062723c751e8b465ee728b)
Start importing Assets/Resources/UpgardePrefabs/CommonCooldownUpgrade.prefab using Guid(762e27bc95637604dbc5b12997e19fd2) Importer(815301076,1909f56bfc062723c751e8b465ee728b)  -> (artifact id: 'bb617072e052027ee745c0686b2034ab') in 0.016115 seconds
Number of updated asset objects reloaded before import = 0
Number of asset objects unloaded after import = 27
========================================================================
Received Import Request.
  Time since last request: 4.304397 seconds.
  path: Assets/Resources/UpgardePrefabs/CommonCooldownUpgrade 1.prefab
  artifactKey: Guid(2ef2540af7c2e0a48abf9f1521a95c2f) Importer(815301076,1909f56bfc062723c751e8b465ee728b)
Start importing Assets/Resources/UpgardePrefabs/CommonCooldownUpgrade 1.prefab using Guid(2ef2540af7c2e0a48abf9f1521a95c2f) Importer(815301076,1909f56bfc062723c751e8b465ee728b)  -> (artifact id: '45036704aaea36d66c102f4ac1c3c978') in 0.017914 seconds
Number of updated asset objects reloaded before import = 0
Number of asset objects unloaded after import = 27
========================================================================
Received Import Request.
  Time since last request: 9.043714 seconds.
  path: Assets/Resources/UpgardePrefabs/RareCooldownUpgrade.prefab
  artifactKey: Guid(2ef2540af7c2e0a48abf9f1521a95c2f) Importer(815301076,1909f56bfc062723c751e8b465ee728b)
Start importing Assets/Resources/UpgardePrefabs/RareCooldownUpgrade.prefab using Guid(2ef2540af7c2e0a48abf9f1521a95c2f) Importer(815301076,1909f56bfc062723c751e8b465ee728b)  -> (artifact id: 'a725c0092f3eb91c2f29a2c6a1f76f92') in 0.014458 seconds
Number of updated asset objects reloaded before import = 0
Number of asset objects unloaded after import = 27
========================================================================
Received Import Request.
  Time since last request: 18.158110 seconds.
  path: Assets/Resources/UpgardePrefabs/RareCooldownUpgrade.prefab
  artifactKey: Guid(2ef2540af7c2e0a48abf9f1521a95c2f) Importer(815301076,1909f56bfc062723c751e8b465ee728b)
Start importing Assets/Resources/UpgardePrefabs/RareCooldownUpgrade.prefab using Guid(2ef2540af7c2e0a48abf9f1521a95c2f) Importer(815301076,1909f56bfc062723c751e8b465ee728b)  -> (artifact id: 'e0fbeb34744c5a228f6524f42ec5d132') in 0.015233 seconds
Number of updated asset objects reloaded before import = 0
Number of asset objects unloaded after import = 27
========================================================================
Received Import Request.
  Time since last request: 4.204009 seconds.
  path: Assets/Resources/UpgardePrefabs/RareCooldownUpgrade.prefab
  artifactKey: Guid(2ef2540af7c2e0a48abf9f1521a95c2f) Importer(815301076,1909f56bfc062723c751e8b465ee728b)
Start importing Assets/Resources/UpgardePrefabs/RareCooldownUpgrade.prefab using Guid(2ef2540af7c2e0a48abf9f1521a95c2f) Importer(815301076,1909f56bfc062723c751e8b465ee728b)  -> (artifact id: '6c3a7824b74febcf007a2ebacdae91ab') in 0.014620 seconds
Number of updated asset objects reloaded before import = 0
Number of asset objects unloaded after import = 27
========================================================================
Received Import Request.
  Time since last request: 6.221837 seconds.
  path: Assets/Resources/UpgardePrefabs/RareShotSpeedUpgrade 1.prefab
  artifactKey: Guid(08defee20eb8d4e44a7c85066f9fd1c0) Importer(815301076,1909f56bfc062723c751e8b465ee728b)
Start importing Assets/Resources/UpgardePrefabs/RareShotSpeedUpgrade 1.prefab using Guid(08defee20eb8d4e44a7c85066f9fd1c0) Importer(815301076,1909f56bfc062723c751e8b465ee728b)  -> (artifact id: '33307b56ca84c93bf1c52cf570a14c77') in 0.015395 seconds
Number of updated asset objects reloaded before import = 0
Number of asset objects unloaded after import = 27
========================================================================
Received Import Request.
  Time since last request: 8.915989 seconds.
  path: Assets/Resources/UpgardePrefabs/RareShotSpeedUpgrade 1.prefab
  artifactKey: Guid(08defee20eb8d4e44a7c85066f9fd1c0) Importer(815301076,1909f56bfc062723c751e8b465ee728b)
Start importing Assets/Resources/UpgardePrefabs/RareShotSpeedUpgrade 1.prefab using Guid(08defee20eb8d4e44a7c85066f9fd1c0) Importer(815301076,1909f56bfc062723c751e8b465ee728b)  -> (artifact id: '620268fb71e495c4f64236d4c31f49b8') in 0.014691 seconds
Number of updated asset objects reloaded before import = 0
Number of asset objects unloaded after import = 27
========================================================================
Received Import Request.
  Time since last request: 18.223043 seconds.
  path: Assets/Resources/UpgardePrefabs/RareShotSpeedUpgrade 1.prefab
  artifactKey: Guid(08defee20eb8d4e44a7c85066f9fd1c0) Importer(815301076,1909f56bfc062723c751e8b465ee728b)
Start importing Assets/Resources/UpgardePrefabs/RareShotSpeedUpgrade 1.prefab using Guid(08defee20eb8d4e44a7c85066f9fd1c0) Importer(815301076,1909f56bfc062723c751e8b465ee728b)  -> (artifact id: 'e00489cb3944533cd30525329b7eee66') in 0.014861 seconds
Number of updated asset objects reloaded before import = 0
Number of asset objects unloaded after import = 27
========================================================================
Received Import Request.
  Time since last request: 25.420354 seconds.
  path: Assets/Resources/UpgardePrefabs/RareShotSpeedUpgrade 1.prefab
  artifactKey: Guid(08defee20eb8d4e44a7c85066f9fd1c0) Importer(815301076,1909f56bfc062723c751e8b465ee728b)
Start importing Assets/Resources/UpgardePrefabs/RareShotSpeedUpgrade 1.prefab using Guid(08defee20eb8d4e44a7c85066f9fd1c0) Importer(815301076,1909f56bfc062723c751e8b465ee728b)  -> (artifact id: 'f5b672634d2ef3e21c878e3ed57debc0') in 0.015522 seconds
Number of updated asset objects reloaded before import = 0
Number of asset objects unloaded after import = 27
========================================================================
Received Prepare
Begin MonoManager ReloadAssembly
Symbol file LoadedFromMemory doesn't match image C:\Users\notob\Documents\GitHub\ShooterGame\Shooter\Library\PackageCache\com.unity.visualscripting@1.8.0\Editor\VisualScripting.Core\Dependencies\YamlDotNet\Unity.VisualScripting.YamlDotNet.dll
Symbol file LoadedFromMemory doesn't match image C:\Users\notob\Documents\GitHub\ShooterGame\Shooter\Library\PackageCache\com.unity.visualscripting@1.8.0\Editor\VisualScripting.Core\Dependencies\DotNetZip\Unity.VisualScripting.IonicZip.dll
- Loaded All Assemblies, in  0.827 seconds
Refreshing native plugins compatible for Editor in 10.97 ms, found 4 plugins.
Native extension for WindowsStandalone target not found
Native extension for Android target not found
Mono: successfully reloaded assembly
- Finished resetting the current domain, in  1.240 seconds
Domain Reload Profiling: 2051ms
	BeginReloadAssembly (184ms)
		ExecutionOrderSort (0ms)
		DisableScriptedObjects (9ms)
		BackupInstance (0ms)
		ReleaseScriptingObjects (0ms)
		CreateAndSetChildDomain (33ms)
	RebuildCommonClasses (26ms)
	RebuildNativeTypeToScriptingClass (7ms)
	initialDomainReloadingComplete (52ms)
	LoadAllAssembliesAndSetupDomain (541ms)
		LoadAssemblies (431ms)
		RebuildTransferFunctionScriptingTraits (0ms)
		AnalyzeDomain (186ms)
			TypeCache.Refresh (180ms)
				TypeCache.ScanAssembly (171ms)
			ScanForSourceGeneratedMonoScriptInfo (2ms)
			ResolveRequiredComponents (3ms)
	FinalizeReload (1241ms)
		ReleaseScriptCaches (0ms)
		RebuildScriptCaches (0ms)
		SetupLoadedEditorAssemblies (328ms)
			LogAssemblyErrors (0ms)
			InitializePlatformSupportModulesInManaged (33ms)
			SetLoadedEditorAssemblies (2ms)
			RefreshPlugins (0ms)
			BeforeProcessingInitializeOnLoad (102ms)
			ProcessInitializeOnLoadAttributes (148ms)
			ProcessInitializeOnLoadMethodAttributes (20ms)
			AfterProcessingInitializeOnLoad (23ms)
			EditorAssembliesLoaded (0ms)
		ExecutionOrderSort2 (0ms)
		AwakeInstancesAfterBackupRestoration (10ms)
Refreshing native plugins compatible for Editor in 10.29 ms, found 4 plugins.
Preloading 0 native plugins for Editor in 0.00 ms.
Unloading 4001 Unused Serialized files (Serialized files now loaded: 0)
Unloading 41 unused Assets / (218.7 KB). Loaded Objects now: 4524.
Memory consumption went from 143.8 MB to 143.6 MB.
Total: 2.976400 ms (FindLiveObjects: 0.259600 ms CreateObjectMapping: 0.155800 ms MarkObjects: 2.420600 ms  DeleteObjects: 0.140000 ms)

Prepare: number of updated asset objects reloaded= 0
AssetImportParameters requested are different than current active one (requested -> active):
  custom:container-demuxer-ogg: 62fdf1f143b41e24485cea50d1cbac27 -> 
  custom:video-decoder-ogg-theora: a1e56fd34408186e4bbccfd4996cb3dc -> 
  custom:framework-win-MediaFoundation: 216162199b28c13a410421893ffa2e32 -> 
  custom:CustomObjectIndexerAttribute: 756ad292c208cfabdd7b50bc23989ffe -> 
  custom:container-demuxer-webm: 4f35f7cbe854078d1ac9338744f61a02 -> 
  custom:container-muxer-webm: aa71ff27fc2769a1b78a27578f13a17b -> 
  custom:video-decoder-webm-vp8: 9c59270c3fd7afecdb556c50c9e8de78 -> 
  custom:AudioImporter_EditorPlatform: d09bf68614088b80899f8185d706f6e7 -> 
  custom:video-encoder-webm-vp8: eb34c28f22e8b96e1ab97ce403110664 -> 
  custom:audio-decoder-ogg-vorbis: bf7c407c2cedff20999df2af8eb42d56 -> 
  custom:audio-encoder-webm-vorbis: bf7c407c2cedff20999df2af8eb42d56 -> 
========================================================================
Received Prepare
Begin MonoManager ReloadAssembly
Symbol file LoadedFromMemory doesn't match image C:\Users\notob\Documents\GitHub\ShooterGame\Shooter\Library\PackageCache\com.unity.visualscripting@1.8.0\Editor\VisualScripting.Core\Dependencies\YamlDotNet\Unity.VisualScripting.YamlDotNet.dll
Symbol file LoadedFromMemory doesn't match image C:\Users\notob\Documents\GitHub\ShooterGame\Shooter\Library\PackageCache\com.unity.visualscripting@1.8.0\Editor\VisualScripting.Core\Dependencies\DotNetZip\Unity.VisualScripting.IonicZip.dll
- Loaded All Assemblies, in  0.826 seconds
Refreshing native plugins compatible for Editor in 11.66 ms, found 4 plugins.
Native extension for WindowsStandalone target not found
Native extension for Android target not found
Mono: successfully reloaded assembly
- Finished resetting the current domain, in  1.229 seconds
Domain Reload Profiling: 2039ms
	BeginReloadAssembly (184ms)
		ExecutionOrderSort (0ms)
		DisableScriptedObjects (10ms)
		BackupInstance (0ms)
		ReleaseScriptingObjects (0ms)
		CreateAndSetChildDomain (31ms)
	RebuildCommonClasses (28ms)
	RebuildNativeTypeToScriptingClass (7ms)
	initialDomainReloadingComplete (50ms)
	LoadAllAssembliesAndSetupDomain (540ms)
		LoadAssemblies (431ms)
		RebuildTransferFunctionScriptingTraits (0ms)
		AnalyzeDomain (184ms)
			TypeCache.Refresh (179ms)
				TypeCache.ScanAssembly (169ms)
			ScanForSourceGeneratedMonoScriptInfo (3ms)
			ResolveRequiredComponents (3ms)
	FinalizeReload (1230ms)
		ReleaseScriptCaches (0ms)
		RebuildScriptCaches (0ms)
		SetupLoadedEditorAssemblies (326ms)
			LogAssemblyErrors (0ms)
			InitializePlatformSupportModulesInManaged (32ms)
			SetLoadedEditorAssemblies (2ms)
			RefreshPlugins (0ms)
			BeforeProcessingInitializeOnLoad (99ms)
			ProcessInitializeOnLoadAttributes (148ms)
			ProcessInitializeOnLoadMethodAttributes (20ms)
			AfterProcessingInitializeOnLoad (23ms)
			EditorAssembliesLoaded (0ms)
		ExecutionOrderSort2 (0ms)
		AwakeInstancesAfterBackupRestoration (10ms)
Refreshing native plugins compatible for Editor in 12.57 ms, found 4 plugins.
Preloading 0 native plugins for Editor in 0.00 ms.
Unloading 4002 Unused Serialized files (Serialized files now loaded: 0)
Unloading 41 unused Assets / (217.5 KB). Loaded Objects now: 4528.
Memory consumption went from 144.0 MB to 143.8 MB.
Total: 2.982400 ms (FindLiveObjects: 0.242600 ms CreateObjectMapping: 0.146700 ms MarkObjects: 2.448600 ms  DeleteObjects: 0.143900 ms)

Prepare: number of updated asset objects reloaded= 0
AssetImportParameters requested are different than current active one (requested -> active):
  custom:container-demuxer-ogg: 62fdf1f143b41e24485cea50d1cbac27 -> 
  custom:video-decoder-ogg-theora: a1e56fd34408186e4bbccfd4996cb3dc -> 
  custom:framework-win-MediaFoundation: 216162199b28c13a410421893ffa2e32 -> 
  custom:CustomObjectIndexerAttribute: 756ad292c208cfabdd7b50bc23989ffe -> 
  custom:container-demuxer-webm: 4f35f7cbe854078d1ac9338744f61a02 -> 
  custom:container-muxer-webm: aa71ff27fc2769a1b78a27578f13a17b -> 
  custom:video-decoder-webm-vp8: 9c59270c3fd7afecdb556c50c9e8de78 -> 
  custom:AudioImporter_EditorPlatform: d09bf68614088b80899f8185d706f6e7 -> 
  custom:video-encoder-webm-vp8: eb34c28f22e8b96e1ab97ce403110664 -> 
  custom:audio-decoder-ogg-vorbis: bf7c407c2cedff20999df2af8eb42d56 -> 
  custom:audio-encoder-webm-vorbis: bf7c407c2cedff20999df2af8eb42d56 -> 
========================================================================
Received Prepare
Begin MonoManager ReloadAssembly
Symbol file LoadedFromMemory doesn't match image C:\Users\notob\Documents\GitHub\ShooterGame\Shooter\Library\PackageCache\com.unity.visualscripting@1.8.0\Editor\VisualScripting.Core\Dependencies\YamlDotNet\Unity.VisualScripting.YamlDotNet.dll
Symbol file LoadedFromMemory doesn't match image C:\Users\notob\Documents\GitHub\ShooterGame\Shooter\Library\PackageCache\com.unity.visualscripting@1.8.0\Editor\VisualScripting.Core\Dependencies\DotNetZip\Unity.VisualScripting.IonicZip.dll
- Loaded All Assemblies, in  0.830 seconds
Refreshing native plugins compatible for Editor in 9.89 ms, found 4 plugins.
Native extension for WindowsStandalone target not found
Native extension for Android target not found
Mono: successfully reloaded assembly
- Finished resetting the current domain, in  1.267 seconds
Domain Reload Profiling: 2081ms
	BeginReloadAssembly (179ms)
		ExecutionOrderSort (0ms)
		DisableScriptedObjects (9ms)
		BackupInstance (0ms)
		ReleaseScriptingObjects (0ms)
		CreateAndSetChildDomain (30ms)
	RebuildCommonClasses (29ms)
	RebuildNativeTypeToScriptingClass (7ms)
	initialDomainReloadingComplete (50ms)
	LoadAllAssembliesAndSetupDomain (549ms)
		LoadAssemblies (433ms)
		RebuildTransferFunctionScriptingTraits (0ms)
		AnalyzeDomain (189ms)
			TypeCache.Refresh (184ms)
				TypeCache.ScanAssembly (175ms)
			ScanForSourceGeneratedMonoScriptInfo (2ms)
			ResolveRequiredComponents (3ms)
	FinalizeReload (1268ms)
		ReleaseScriptCaches (0ms)
		RebuildScriptCaches (0ms)
		SetupLoadedEditorAssemblies (326ms)
			LogAssemblyErrors (0ms)
			InitializePlatformSupportModulesInManaged (30ms)
			SetLoadedEditorAssemblies (2ms)
			RefreshPlugins (0ms)
			BeforeProcessingInitializeOnLoad (101ms)
			ProcessInitializeOnLoadAttributes (152ms)
			ProcessInitializeOnLoadMethodAttributes (21ms)
			AfterProcessingInitializeOnLoad (20ms)
			EditorAssembliesLoaded (0ms)
		ExecutionOrderSort2 (0ms)
		AwakeInstancesAfterBackupRestoration (9ms)
Refreshing native plugins compatible for Editor in 12.25 ms, found 4 plugins.
Preloading 0 native plugins for Editor in 0.00 ms.
Unloading 4002 Unused Serialized files (Serialized files now loaded: 0)
Unloading 41 unused Assets / (217.6 KB). Loaded Objects now: 4532.
Memory consumption went from 144.0 MB to 143.8 MB.
Total: 3.375800 ms (FindLiveObjects: 0.262700 ms CreateObjectMapping: 0.181400 ms MarkObjects: 2.743000 ms  DeleteObjects: 0.188100 ms)

Prepare: number of updated asset objects reloaded= 0
AssetImportParameters requested are different than current active one (requested -> active):
  custom:container-demuxer-ogg: 62fdf1f143b41e24485cea50d1cbac27 -> 
  custom:video-decoder-ogg-theora: a1e56fd34408186e4bbccfd4996cb3dc -> 
  custom:framework-win-MediaFoundation: 216162199b28c13a410421893ffa2e32 -> 
  custom:CustomObjectIndexerAttribute: 756ad292c208cfabdd7b50bc23989ffe -> 
  custom:container-demuxer-webm: 4f35f7cbe854078d1ac9338744f61a02 -> 
  custom:container-muxer-webm: aa71ff27fc2769a1b78a27578f13a17b -> 
  custom:video-decoder-webm-vp8: 9c59270c3fd7afecdb556c50c9e8de78 -> 
  custom:AudioImporter_EditorPlatform: d09bf68614088b80899f8185d706f6e7 -> 
  custom:video-encoder-webm-vp8: eb34c28f22e8b96e1ab97ce403110664 -> 
  custom:audio-decoder-ogg-vorbis: bf7c407c2cedff20999df2af8eb42d56 -> 
  custom:audio-encoder-webm-vorbis: bf7c407c2cedff20999df2af8eb42d56 -> 
========================================================================
Received Import Request.
  Time since last request: 1252.709990 seconds.
  path: Assets/Resources/UpgardePrefabs/CommonCooldownUpgrade.prefab
  artifactKey: Guid(762e27bc95637604dbc5b12997e19fd2) Importer(815301076,1909f56bfc062723c751e8b465ee728b)
Start importing Assets/Resources/UpgardePrefabs/CommonCooldownUpgrade.prefab using Guid(762e27bc95637604dbc5b12997e19fd2) Importer(815301076,1909f56bfc062723c751e8b465ee728b)  -> (artifact id: '14af56412593c3e988d975264eacb19a') in 0.049345 seconds
Number of updated asset objects reloaded before import = 0
Number of asset objects unloaded after import = 27
========================================================================
Received Import Request.
  Time since last request: 0.000012 seconds.
  path: Assets/Resources/UpgardePrefabs/CommonShotSpeedUpgrade.prefab
  artifactKey: Guid(dffb2a7beb789904ca599c59e2671f89) Importer(815301076,1909f56bfc062723c751e8b465ee728b)
Start importing Assets/Resources/UpgardePrefabs/CommonShotSpeedUpgrade.prefab using Guid(dffb2a7beb789904ca599c59e2671f89) Importer(815301076,1909f56bfc062723c751e8b465ee728b)  -> (artifact id: 'cf7a4c4e653ad6b52931946dc4842c49') in 0.015750 seconds
Number of updated asset objects reloaded before import = 0
Number of asset objects unloaded after import = 27
========================================================================
Received Import Request.
  Time since last request: 0.000011 seconds.
  path: Assets/Resources/UpgardePrefabs/RareShotSpeedUpgrade 1.prefab
  artifactKey: Guid(08defee20eb8d4e44a7c85066f9fd1c0) Importer(815301076,1909f56bfc062723c751e8b465ee728b)
Start importing Assets/Resources/UpgardePrefabs/RareShotSpeedUpgrade 1.prefab using Guid(08defee20eb8d4e44a7c85066f9fd1c0) Importer(815301076,1909f56bfc062723c751e8b465ee728b)  -> (artifact id: 'd91450384db6dc604ba3ee3e0656bba0') in 0.016544 seconds
Number of updated asset objects reloaded before import = 0
Number of asset objects unloaded after import = 27
========================================================================
Received Import Request.
  Time since last request: 0.000011 seconds.
  path: Assets/Resources/UpgardePrefabs/RareCooldownUpgrade.prefab
  artifactKey: Guid(2ef2540af7c2e0a48abf9f1521a95c2f) Importer(815301076,1909f56bfc062723c751e8b465ee728b)
Start importing Assets/Resources/UpgardePrefabs/RareCooldownUpgrade.prefab using Guid(2ef2540af7c2e0a48abf9f1521a95c2f) Importer(815301076,1909f56bfc062723c751e8b465ee728b)  -> (artifact id: '2cfb334333ef15de5ae7f3a5dd9978db') in 0.016489 seconds
Number of updated asset objects reloaded before import = 0
Number of asset objects unloaded after import = 27
========================================================================
Received Import Request.
  Time since last request: 0.000010 seconds.
  path: Assets/Resources/UpgardePrefabs/RareDamageUpgrade.prefab
  artifactKey: Guid(956bbb80c1efcb040b4277e5822f295f) Importer(815301076,1909f56bfc062723c751e8b465ee728b)
Start importing Assets/Resources/UpgardePrefabs/RareDamageUpgrade.prefab using Guid(956bbb80c1efcb040b4277e5822f295f) Importer(815301076,1909f56bfc062723c751e8b465ee728b)  -> (artifact id: '7c7a6edb59fd88506ae33a45a581ffae') in 0.015097 seconds
Number of updated asset objects reloaded before import = 0
Number of asset objects unloaded after import = 27
Editor requested this worker to shutdown with reason: Scaling down because of idle timeout
TcpMessagingSession - receive error: operation aborted. errorcode: 995, details:  /   -       .
AssetImportWorker is now disconnected from the server
Process exiting
Exiting without the bug reporter. Application will terminate with return code 0