Using pre-set license
Built from '2022.3/staging' branch; Version is '2022.3.4f1 (35713cd46cd7) revision 3502396'; Using compiler version '192829333'; Build Type 'Release'
OS: 'Windows 10  (10.0.19045) 64bit Professional' Language: 'ru' Physical Memory: 32693 MB
BatchMode: 1, IsHumanControllingUs: 0, StartBugReporterOnCrash: 0, Is64bit: 1, IsPro: 1

COMMAND LINE ARGUMENTS:
C:\Program Files\Unity\Hub\Editor\2022.3.4f1\Editor\Unity.exe
-adb2
-batchMode
-noUpm
-name
AssetImportWorker5
-projectPath
C:/Users/notob/Documents/GitHub/ShooterGame/Shooter
-logFile
Logs/AssetImportWorker5.log
-srvPort
51461
Successfully changed project path to: C:/Users/notob/Documents/GitHub/ShooterGame/Shooter
C:/Users/notob/Documents/GitHub/ShooterGame/Shooter
[UnityMemory] Configuration Parameters - Can be set up in boot.config
    "memorysetup-bucket-allocator-granularity=16"
    "memorysetup-bucket-allocator-bucket-count=8"
    "memorysetup-bucket-allocator-block-size=33554432"
    "memorysetup-bucket-allocator-block-count=8"
    "memorysetup-main-allocator-block-size=16777216"
    "memorysetup-thread-allocator-block-size=16777216"
    "memorysetup-gfx-main-allocator-block-size=16777216"
    "memorysetup-gfx-thread-allocator-block-size=16777216"
    "memorysetup-cache-allocator-block-size=4194304"
    "memorysetup-typetree-allocator-block-size=2097152"
    "memorysetup-profiler-bucket-allocator-granularity=16"
    "memorysetup-profiler-bucket-allocator-bucket-count=8"
    "memorysetup-profiler-bucket-allocator-block-size=33554432"
    "memorysetup-profiler-bucket-allocator-block-count=8"
    "memorysetup-profiler-allocator-block-size=16777216"
    "memorysetup-profiler-editor-allocator-block-size=1048576"
    "memorysetup-temp-allocator-size-main=16777216"
    "memorysetup-job-temp-allocator-block-size=2097152"
    "memorysetup-job-temp-allocator-block-size-background=1048576"
    "memorysetup-job-temp-allocator-reduction-small-platforms=262144"
    "memorysetup-allocator-temp-initial-block-size-main=262144"
    "memorysetup-allocator-temp-initial-block-size-worker=262144"
    "memorysetup-temp-allocator-size-background-worker=32768"
    "memorysetup-temp-allocator-size-job-worker=262144"
    "memorysetup-temp-allocator-size-preload-manager=33554432"
    "memorysetup-temp-allocator-size-nav-mesh-worker=65536"
    "memorysetup-temp-allocator-size-audio-worker=65536"
    "memorysetup-temp-allocator-size-cloud-worker=32768"
    "memorysetup-temp-allocator-size-gi-baking-worker=262144"
    "memorysetup-temp-allocator-size-gfx=262144"
Player connection [29120] Host "[IP] 192.168.0.111 [Port] 0 [Flags] 2 [Guid] 600846182 [EditorId] 600846182 [Version] 1048832 [Id] WindowsEditor(7,DESKTOP-4LDGE9F) [Debug] 1 [PackageName] WindowsEditor [ProjectName] Editor" joined multi-casting on [225.0.0.222:54997]...

Player connection [29120] Host "[IP] 192.168.0.111 [Port] 0 [Flags] 2 [Guid] 600846182 [EditorId] 600846182 [Version] 1048832 [Id] WindowsEditor(7,DESKTOP-4LDGE9F) [Debug] 1 [PackageName] WindowsEditor [ProjectName] Editor" joined alternative multi-casting on [225.0.0.222:34997]...

Refreshing native plugins compatible for Editor in 24.60 ms, found 4 plugins.
Preloading 0 native plugins for Editor in 0.00 ms.
Initialize engine version: 2022.3.4f1 (35713cd46cd7)
[Subsystems] Discovering subsystems at path C:/Program Files/Unity/Hub/Editor/2022.3.4f1/Editor/Data/Resources/UnitySubsystems
[Subsystems] Discovering subsystems at path C:/Users/notob/Documents/GitHub/ShooterGame/Shooter/Assets
GfxDevice: creating device client; threaded=0; jobified=0
Direct3D:
    Version:  Direct3D 11.0 [level 11.1]
    Renderer: NVIDIA GeForce RTX 3050 (ID=0x2507)
    Vendor:   NVIDIA
    VRAM:     8056 MB
    Driver:   31.0.15.3623
Initialize mono
Mono path[0] = 'C:/Program Files/Unity/Hub/Editor/2022.3.4f1/Editor/Data/Managed'
Mono path[1] = 'C:/Program Files/Unity/Hub/Editor/2022.3.4f1/Editor/Data/MonoBleedingEdge/lib/mono/unityjit-win32'
Mono config path = 'C:/Program Files/Unity/Hub/Editor/2022.3.4f1/Editor/Data/MonoBleedingEdge/etc'
Using monoOptions --debugger-agent=transport=dt_socket,embedding=1,server=y,suspend=n,address=127.0.0.1:56776
Begin MonoManager ReloadAssembly
Registering precompiled unity dll's ...
Register platform support module: C:/Program Files/Unity/Hub/Editor/2022.3.4f1/Editor/Data/PlaybackEngines/AndroidPlayer/UnityEditor.Android.Extensions.dll
Register platform support module: C:/Program Files/Unity/Hub/Editor/2022.3.4f1/Editor/Data/PlaybackEngines/WindowsStandaloneSupport/UnityEditor.WindowsStandalone.Extensions.dll
Registered in 0.035380 seconds.
- Loaded All Assemblies, in  0.415 seconds
Native extension for WindowsStandalone target not found
Native extension for Android target not found
Android Extension - Scanning For ADB Devices 279 ms
Mono: successfully reloaded assembly
- Finished resetting the current domain, in  0.557 seconds
Domain Reload Profiling: 965ms
	BeginReloadAssembly (126ms)
		ExecutionOrderSort (0ms)
		DisableScriptedObjects (0ms)
		BackupInstance (0ms)
		ReleaseScriptingObjects (0ms)
		CreateAndSetChildDomain (1ms)
	RebuildCommonClasses (29ms)
	RebuildNativeTypeToScriptingClass (7ms)
	initialDomainReloadingComplete (97ms)
	LoadAllAssembliesAndSetupDomain (148ms)
		LoadAssemblies (117ms)
		RebuildTransferFunctionScriptingTraits (0ms)
		AnalyzeDomain (130ms)
			TypeCache.Refresh (129ms)
				TypeCache.ScanAssembly (119ms)
			ScanForSourceGeneratedMonoScriptInfo (0ms)
			ResolveRequiredComponents (0ms)
	FinalizeReload (558ms)
		ReleaseScriptCaches (0ms)
		RebuildScriptCaches (0ms)
		SetupLoadedEditorAssemblies (510ms)
			LogAssemblyErrors (0ms)
			InitializePlatformSupportModulesInManaged (399ms)
			SetLoadedEditorAssemblies (4ms)
			RefreshPlugins (0ms)
			BeforeProcessingInitializeOnLoad (2ms)
			ProcessInitializeOnLoadAttributes (73ms)
			ProcessInitializeOnLoadMethodAttributes (33ms)
			AfterProcessingInitializeOnLoad (0ms)
			EditorAssembliesLoaded (0ms)
		ExecutionOrderSort2 (0ms)
		AwakeInstancesAfterBackupRestoration (0ms)
========================================================================
Worker process is ready to serve import requests
Begin MonoManager ReloadAssembly
Symbol file LoadedFromMemory doesn't match image C:\Users\notob\Documents\GitHub\ShooterGame\Shooter\Library\PackageCache\com.unity.visualscripting@1.8.0\Editor\VisualScripting.Core\Dependencies\YamlDotNet\Unity.VisualScripting.YamlDotNet.dll
Symbol file LoadedFromMemory doesn't match image C:\Users\notob\Documents\GitHub\ShooterGame\Shooter\Library\PackageCache\com.unity.visualscripting@1.8.0\Editor\VisualScripting.Core\Dependencies\DotNetZip\Unity.VisualScripting.IonicZip.dll
- Loaded All Assemblies, in  0.938 seconds
Refreshing native plugins compatible for Editor in 11.90 ms, found 4 plugins.
Native extension for WindowsStandalone target not found
Native extension for Android target not found
Mono: successfully reloaded assembly
- Finished resetting the current domain, in  0.524 seconds
Domain Reload Profiling: 1444ms
	BeginReloadAssembly (182ms)
		ExecutionOrderSort (0ms)
		DisableScriptedObjects (4ms)
		BackupInstance (0ms)
		ReleaseScriptingObjects (0ms)
		CreateAndSetChildDomain (16ms)
	RebuildCommonClasses (31ms)
	RebuildNativeTypeToScriptingClass (7ms)
	initialDomainReloadingComplete (63ms)
	LoadAllAssembliesAndSetupDomain (636ms)
		LoadAssemblies (501ms)
		RebuildTransferFunctionScriptingTraits (0ms)
		AnalyzeDomain (222ms)
			TypeCache.Refresh (204ms)
				TypeCache.ScanAssembly (191ms)
			ScanForSourceGeneratedMonoScriptInfo (16ms)
			ResolveRequiredComponents (3ms)
	FinalizeReload (525ms)
		ReleaseScriptCaches (0ms)
		RebuildScriptCaches (0ms)
		SetupLoadedEditorAssemblies (395ms)
			LogAssemblyErrors (0ms)
			InitializePlatformSupportModulesInManaged (34ms)
			SetLoadedEditorAssemblies (2ms)
			RefreshPlugins (0ms)
			BeforeProcessingInitializeOnLoad (117ms)
			ProcessInitializeOnLoadAttributes (188ms)
			ProcessInitializeOnLoadMethodAttributes (26ms)
			AfterProcessingInitializeOnLoad (28ms)
			EditorAssembliesLoaded (0ms)
		ExecutionOrderSort2 (0ms)
		AwakeInstancesAfterBackupRestoration (5ms)
Launched and connected shader compiler UnityShaderCompiler.exe after 0.04 seconds
Refreshing native plugins compatible for Editor in 11.30 ms, found 4 plugins.
Preloading 0 native plugins for Editor in 0.00 ms.
Unloading 4021 Unused Serialized files (Serialized files now loaded: 0)
Unloading 69 unused Assets / (245.3 KB). Loaded Objects now: 4484.
Memory consumption went from 149.0 MB to 148.8 MB.
Total: 3.038400 ms (FindLiveObjects: 0.245600 ms CreateObjectMapping: 0.156500 ms MarkObjects: 2.471600 ms  DeleteObjects: 0.164300 ms)

AssetImportParameters requested are different than current active one (requested -> active):
  custom:container-demuxer-ogg: 62fdf1f143b41e24485cea50d1cbac27 -> 
  custom:video-decoder-ogg-theora: a1e56fd34408186e4bbccfd4996cb3dc -> 
  custom:framework-win-MediaFoundation: 216162199b28c13a410421893ffa2e32 -> 
  custom:CustomObjectIndexerAttribute: 756ad292c208cfabdd7b50bc23989ffe -> 
  custom:container-demuxer-webm: 4f35f7cbe854078d1ac9338744f61a02 -> 
  custom:container-muxer-webm: aa71ff27fc2769a1b78a27578f13a17b -> 
  custom:video-decoder-webm-vp8: 9c59270c3fd7afecdb556c50c9e8de78 -> 
  custom:AudioImporter_EditorPlatform: d09bf68614088b80899f8185d706f6e7 -> 
  custom:video-encoder-webm-vp8: eb34c28f22e8b96e1ab97ce403110664 -> 
  custom:audio-decoder-ogg-vorbis: bf7c407c2cedff20999df2af8eb42d56 -> 
  custom:audio-encoder-webm-vorbis: bf7c407c2cedff20999df2af8eb42d56 -> 
========================================================================
Received Import Request.
  Time since last request: 24558.282770 seconds.
  path: Assets/Footsteps - Essentials/Footsteps_Rock/Footsteps_Rock_Walk/Footsteps_Rock_Walk_04.wav
  artifactKey: Guid(7187dc81f98b8be4eb97bfc4dd9a5abf) Importer(815301076,1909f56bfc062723c751e8b465ee728b)
Start importing Assets/Footsteps - Essentials/Footsteps_Rock/Footsteps_Rock_Walk/Footsteps_Rock_Walk_04.wav using Guid(7187dc81f98b8be4eb97bfc4dd9a5abf) Importer(815301076,1909f56bfc062723c751e8b465ee728b)  -> (artifact id: '8e1e667807f188bdf09f6adec0d23e1c') in 0.055951 seconds
Number of updated asset objects reloaded before import = 0
Number of asset objects unloaded after import = 2
========================================================================
Received Import Request.
  Time since last request: 16.220861 seconds.
  path: Assets/Resources/Sound/SFX/Footsteps_Rock_Walk_04.wav
  artifactKey: Guid(d97038bb2e24e594493ae2f07fa0c4e6) Importer(815301076,1909f56bfc062723c751e8b465ee728b)
Start importing Assets/Resources/Sound/SFX/Footsteps_Rock_Walk_04.wav using Guid(d97038bb2e24e594493ae2f07fa0c4e6) Importer(815301076,1909f56bfc062723c751e8b465ee728b)  -> (artifact id: 'c881085992b275c9f004da2196762372') in 0.008265 seconds
Number of updated asset objects reloaded before import = 0
Number of asset objects unloaded after import = 2
========================================================================
Received Import Request.
  Time since last request: 0.000012 seconds.
  path: Assets/Resources/Sound/SFX/Footsteps_Rock_Walk_09.wav
  artifactKey: Guid(a0091bf1d6980264db437362e4052593) Importer(815301076,1909f56bfc062723c751e8b465ee728b)
Start importing Assets/Resources/Sound/SFX/Footsteps_Rock_Walk_09.wav using Guid(a0091bf1d6980264db437362e4052593) Importer(815301076,1909f56bfc062723c751e8b465ee728b)  -> (artifact id: '63ce5481e2fb4988734ac588e3df6753') in 0.007757 seconds
Number of updated asset objects reloaded before import = 0
Number of asset objects unloaded after import = 2
========================================================================
Received Prepare
Begin MonoManager ReloadAssembly
Symbol file LoadedFromMemory doesn't match image C:\Users\notob\Documents\GitHub\ShooterGame\Shooter\Library\PackageCache\com.unity.visualscripting@1.8.0\Editor\VisualScripting.Core\Dependencies\YamlDotNet\Unity.VisualScripting.YamlDotNet.dll
Symbol file LoadedFromMemory doesn't match image C:\Users\notob\Documents\GitHub\ShooterGame\Shooter\Library\PackageCache\com.unity.visualscripting@1.8.0\Editor\VisualScripting.Core\Dependencies\DotNetZip\Unity.VisualScripting.IonicZip.dll
- Loaded All Assemblies, in  0.837 seconds
Refreshing native plugins compatible for Editor in 11.67 ms, found 4 plugins.
Native extension for WindowsStandalone target not found
Native extension for Android target not found
Mono: successfully reloaded assembly
- Finished resetting the current domain, in  1.270 seconds
Domain Reload Profiling: 2092ms
	BeginReloadAssembly (184ms)
		ExecutionOrderSort (0ms)
		DisableScriptedObjects (10ms)
		BackupInstance (0ms)
		ReleaseScriptingObjects (0ms)
		CreateAndSetChildDomain (34ms)
	RebuildCommonClasses (26ms)
	RebuildNativeTypeToScriptingClass (7ms)
	initialDomainReloadingComplete (50ms)
	LoadAllAssembliesAndSetupDomain (554ms)
		LoadAssemblies (434ms)
		RebuildTransferFunctionScriptingTraits (0ms)
		AnalyzeDomain (195ms)
			TypeCache.Refresh (188ms)
				TypeCache.ScanAssembly (179ms)
			ScanForSourceGeneratedMonoScriptInfo (3ms)
			ResolveRequiredComponents (4ms)
	FinalizeReload (1271ms)
		ReleaseScriptCaches (0ms)
		RebuildScriptCaches (0ms)
		SetupLoadedEditorAssemblies (340ms)
			LogAssemblyErrors (0ms)
			InitializePlatformSupportModulesInManaged (33ms)
			SetLoadedEditorAssemblies (2ms)
			RefreshPlugins (0ms)
			BeforeProcessingInitializeOnLoad (111ms)
			ProcessInitializeOnLoadAttributes (150ms)
			ProcessInitializeOnLoadMethodAttributes (21ms)
			AfterProcessingInitializeOnLoad (23ms)
			EditorAssembliesLoaded (0ms)
		ExecutionOrderSort2 (0ms)
		AwakeInstancesAfterBackupRestoration (10ms)
Refreshing native plugins compatible for Editor in 11.67 ms, found 4 plugins.
Preloading 0 native plugins for Editor in 0.00 ms.
Unloading 4001 Unused Serialized files (Serialized files now loaded: 0)
Unloading 41 unused Assets / (217.6 KB). Loaded Objects now: 4498.
Memory consumption went from 143.7 MB to 143.5 MB.
Total: 2.854600 ms (FindLiveObjects: 0.219300 ms CreateObjectMapping: 0.130500 ms MarkObjects: 2.368900 ms  DeleteObjects: 0.135500 ms)

Prepare: number of updated asset objects reloaded= 0
AssetImportParameters requested are different than current active one (requested -> active):
  custom:container-demuxer-ogg: 62fdf1f143b41e24485cea50d1cbac27 -> 
  custom:video-decoder-ogg-theora: a1e56fd34408186e4bbccfd4996cb3dc -> 
  custom:framework-win-MediaFoundation: 216162199b28c13a410421893ffa2e32 -> 
  custom:CustomObjectIndexerAttribute: 756ad292c208cfabdd7b50bc23989ffe -> 
  custom:container-demuxer-webm: 4f35f7cbe854078d1ac9338744f61a02 -> 
  custom:container-muxer-webm: aa71ff27fc2769a1b78a27578f13a17b -> 
  custom:video-decoder-webm-vp8: 9c59270c3fd7afecdb556c50c9e8de78 -> 
  custom:AudioImporter_EditorPlatform: d09bf68614088b80899f8185d706f6e7 -> 
  custom:video-encoder-webm-vp8: eb34c28f22e8b96e1ab97ce403110664 -> 
  custom:audio-decoder-ogg-vorbis: bf7c407c2cedff20999df2af8eb42d56 -> 
  custom:audio-encoder-webm-vorbis: bf7c407c2cedff20999df2af8eb42d56 -> 
========================================================================
Received Prepare
Begin MonoManager ReloadAssembly
Symbol file LoadedFromMemory doesn't match image C:\Users\notob\Documents\GitHub\ShooterGame\Shooter\Library\PackageCache\com.unity.visualscripting@1.8.0\Editor\VisualScripting.Core\Dependencies\YamlDotNet\Unity.VisualScripting.YamlDotNet.dll
Symbol file LoadedFromMemory doesn't match image C:\Users\notob\Documents\GitHub\ShooterGame\Shooter\Library\PackageCache\com.unity.visualscripting@1.8.0\Editor\VisualScripting.Core\Dependencies\DotNetZip\Unity.VisualScripting.IonicZip.dll
- Loaded All Assemblies, in  0.824 seconds
Refreshing native plugins compatible for Editor in 10.88 ms, found 4 plugins.
Native extension for WindowsStandalone target not found
Native extension for Android target not found
Mono: successfully reloaded assembly
- Finished resetting the current domain, in  1.250 seconds
Domain Reload Profiling: 2058ms
	BeginReloadAssembly (186ms)
		ExecutionOrderSort (0ms)
		DisableScriptedObjects (10ms)
		BackupInstance (0ms)
		ReleaseScriptingObjects (0ms)
		CreateAndSetChildDomain (36ms)
	RebuildCommonClasses (24ms)
	RebuildNativeTypeToScriptingClass (7ms)
	initialDomainReloadingComplete (45ms)
	LoadAllAssembliesAndSetupDomain (545ms)
		LoadAssemblies (431ms)
		RebuildTransferFunctionScriptingTraits (0ms)
		AnalyzeDomain (191ms)
			TypeCache.Refresh (186ms)
				TypeCache.ScanAssembly (176ms)
			ScanForSourceGeneratedMonoScriptInfo (3ms)
			ResolveRequiredComponents (3ms)
	FinalizeReload (1251ms)
		ReleaseScriptCaches (0ms)
		RebuildScriptCaches (0ms)
		SetupLoadedEditorAssemblies (342ms)
			LogAssemblyErrors (0ms)
			InitializePlatformSupportModulesInManaged (33ms)
			SetLoadedEditorAssemblies (2ms)
			RefreshPlugins (0ms)
			BeforeProcessingInitializeOnLoad (107ms)
			ProcessInitializeOnLoadAttributes (154ms)
			ProcessInitializeOnLoadMethodAttributes (21ms)
			AfterProcessingInitializeOnLoad (23ms)
			EditorAssembliesLoaded (0ms)
		ExecutionOrderSort2 (0ms)
		AwakeInstancesAfterBackupRestoration (10ms)
Refreshing native plugins compatible for Editor in 12.53 ms, found 4 plugins.
Preloading 0 native plugins for Editor in 0.00 ms.
Unloading 4002 Unused Serialized files (Serialized files now loaded: 0)
Unloading 41 unused Assets / (217.9 KB). Loaded Objects now: 4502.
Memory consumption went from 144.0 MB to 143.8 MB.
Total: 3.061300 ms (FindLiveObjects: 0.249900 ms CreateObjectMapping: 0.163500 ms MarkObjects: 2.505800 ms  DeleteObjects: 0.141500 ms)

Prepare: number of updated asset objects reloaded= 0
AssetImportParameters requested are different than current active one (requested -> active):
  custom:container-demuxer-ogg: 62fdf1f143b41e24485cea50d1cbac27 -> 
  custom:video-decoder-ogg-theora: a1e56fd34408186e4bbccfd4996cb3dc -> 
  custom:framework-win-MediaFoundation: 216162199b28c13a410421893ffa2e32 -> 
  custom:CustomObjectIndexerAttribute: 756ad292c208cfabdd7b50bc23989ffe -> 
  custom:container-demuxer-webm: 4f35f7cbe854078d1ac9338744f61a02 -> 
  custom:container-muxer-webm: aa71ff27fc2769a1b78a27578f13a17b -> 
  custom:video-decoder-webm-vp8: 9c59270c3fd7afecdb556c50c9e8de78 -> 
  custom:AudioImporter_EditorPlatform: d09bf68614088b80899f8185d706f6e7 -> 
  custom:video-encoder-webm-vp8: eb34c28f22e8b96e1ab97ce403110664 -> 
  custom:audio-decoder-ogg-vorbis: bf7c407c2cedff20999df2af8eb42d56 -> 
  custom:audio-encoder-webm-vorbis: bf7c407c2cedff20999df2af8eb42d56 -> 
========================================================================
Received Import Request.
  Time since last request: 517.036956 seconds.
  path: Assets/Packages
  artifactKey: Guid(54b34dac38ec39b499fac1af8e43f1ef) Importer(815301076,1909f56bfc062723c751e8b465ee728b)
Start importing Assets/Packages using Guid(54b34dac38ec39b499fac1af8e43f1ef) Importer(815301076,1909f56bfc062723c751e8b465ee728b)  -> (artifact id: 'f4d5be5ad234e2b7d95136503145ef1f') in 0.002259 seconds
Number of updated asset objects reloaded before import = 0
Number of asset objects unloaded after import = 0
========================================================================
Received Import Request.
  Time since last request: 0.501675 seconds.
  path: Assets/Packages/Casual Kingdom - Free Package
  artifactKey: Guid(34f19a5f4deb14741a853c00850045bc) Importer(815301076,1909f56bfc062723c751e8b465ee728b)
Start importing Assets/Packages/Casual Kingdom - Free Package using Guid(34f19a5f4deb14741a853c00850045bc) Importer(815301076,1909f56bfc062723c751e8b465ee728b)  -> (artifact id: '3b1407af410715f25b919b160fb0102f') in 0.000450 seconds
Number of updated asset objects reloaded before import = 0
Number of asset objects unloaded after import = 0
========================================================================
Received Import Request.
  Time since last request: 1.041154 seconds.
  path: Assets/Packages/Casual Kingdom - Free Package/Stingers
  artifactKey: Guid(ece8f6938bebe044bb450c69827a878d) Importer(815301076,1909f56bfc062723c751e8b465ee728b)
Start importing Assets/Packages/Casual Kingdom - Free Package/Stingers using Guid(ece8f6938bebe044bb450c69827a878d) Importer(815301076,1909f56bfc062723c751e8b465ee728b)  -> (artifact id: 'f9dd276e0f471df6989bff5bbc640a1f') in 0.000500 seconds
Number of updated asset objects reloaded before import = 0
Number of asset objects unloaded after import = 0
========================================================================
Received Import Request.
  Time since last request: 0.443020 seconds.
  path: Assets/Packages/Casual Kingdom - Free Package/Stingers/MP3
  artifactKey: Guid(d9d6bb95c4953c540b1fbb0a4be75946) Importer(815301076,1909f56bfc062723c751e8b465ee728b)
Start importing Assets/Packages/Casual Kingdom - Free Package/Stingers/MP3 using Guid(d9d6bb95c4953c540b1fbb0a4be75946) Importer(815301076,1909f56bfc062723c751e8b465ee728b)  -> (artifact id: '0a2622e17a4ab208262169c8273910f2') in 0.000488 seconds
Number of updated asset objects reloaded before import = 0
Number of asset objects unloaded after import = 0
========================================================================
Received Import Request.
  Time since last request: 0.072151 seconds.
  path: Assets/Packages/Casual Kingdom - Free Package/Stingers/MP3/stinger_lose.mp3
  artifactKey: Guid(7627d641cbeb7ef499178830fb27997d) Importer(815301076,1909f56bfc062723c751e8b465ee728b)
Start importing Assets/Packages/Casual Kingdom - Free Package/Stingers/MP3/stinger_lose.mp3 using Guid(7627d641cbeb7ef499178830fb27997d) Importer(815301076,1909f56bfc062723c751e8b465ee728b)  -> (artifact id: 'ee685b52174c669e7bfd00385469f2b5') in 0.043445 seconds
Number of updated asset objects reloaded before import = 0
Number of asset objects unloaded after import = 2
========================================================================
Received Import Request.
  Time since last request: 60.226284 seconds.
  path: Assets/Packages/Casual Kingdom - Free Package/Heroes
  artifactKey: Guid(9e4463804796c604eaa677c038a0d255) Importer(815301076,1909f56bfc062723c751e8b465ee728b)
Start importing Assets/Packages/Casual Kingdom - Free Package/Heroes using Guid(9e4463804796c604eaa677c038a0d255) Importer(815301076,1909f56bfc062723c751e8b465ee728b)  -> (artifact id: 'a913494ab844ba620138735a59d7e79a') in 0.000424 seconds
Number of updated asset objects reloaded before import = 0
Number of asset objects unloaded after import = 0
========================================================================
Received Import Request.
  Time since last request: 0.520416 seconds.
  path: Assets/Packages/Casual Kingdom - Free Package/Monsters
  artifactKey: Guid(e1d006d0e38ae7940af97b45bf2671f1) Importer(815301076,1909f56bfc062723c751e8b465ee728b)
Start importing Assets/Packages/Casual Kingdom - Free Package/Monsters using Guid(e1d006d0e38ae7940af97b45bf2671f1) Importer(815301076,1909f56bfc062723c751e8b465ee728b)  -> (artifact id: '20ba3e7a75ddad4700f521e4297268b9') in 0.000467 seconds
Number of updated asset objects reloaded before import = 0
Number of asset objects unloaded after import = 0
========================================================================
Received Import Request.
  Time since last request: 0.904197 seconds.
  path: Assets/Packages/Casual Kingdom - Free Package/Heroes/MP3
  artifactKey: Guid(8aa8a8f3c95336e489ce0c5e3095c4c1) Importer(815301076,1909f56bfc062723c751e8b465ee728b)
Start importing Assets/Packages/Casual Kingdom - Free Package/Heroes/MP3 using Guid(8aa8a8f3c95336e489ce0c5e3095c4c1) Importer(815301076,1909f56bfc062723c751e8b465ee728b)  -> (artifact id: 'a0a67d7d151691d10438291f59854ae1') in 0.000450 seconds
Number of updated asset objects reloaded before import = 0
Number of asset objects unloaded after import = 0
========================================================================
Received Import Request.
  Time since last request: 0.071672 seconds.
  path: Assets/Packages/Casual Kingdom - Free Package/Heroes/MP3/foley_warrior_death1.mp3
  artifactKey: Guid(ce5c78b009418e94f803d93f307a6349) Importer(815301076,1909f56bfc062723c751e8b465ee728b)
Start importing Assets/Packages/Casual Kingdom - Free Package/Heroes/MP3/foley_warrior_death1.mp3 using Guid(ce5c78b009418e94f803d93f307a6349) Importer(815301076,1909f56bfc062723c751e8b465ee728b)  -> (artifact id: '036e91a213ac852676b94c93bfdf58f0') in 0.010959 seconds
Number of updated asset objects reloaded before import = 0
Number of asset objects unloaded after import = 2
========================================================================
Received Import Request.
  Time since last request: 0.000017 seconds.
  path: Assets/Packages/Casual Kingdom - Free Package/Heroes/MP3/sfx_warrior_attack2.mp3
  artifactKey: Guid(800fa3cbf14c7324b9f82a04e14355f2) Importer(815301076,1909f56bfc062723c751e8b465ee728b)
Start importing Assets/Packages/Casual Kingdom - Free Package/Heroes/MP3/sfx_warrior_attack2.mp3 using Guid(800fa3cbf14c7324b9f82a04e14355f2) Importer(815301076,1909f56bfc062723c751e8b465ee728b)  -> (artifact id: '34fddcf297199f651b7374a3c9b7938f') in 0.011676 seconds
Number of updated asset objects reloaded before import = 0
Number of asset objects unloaded after import = 2
========================================================================
Received Import Request.
  Time since last request: 0.000014 seconds.
  path: Assets/Packages/Casual Kingdom - Free Package/Heroes/MP3/sfx_warrior_attack3.mp3
  artifactKey: Guid(1bcd1e9e019445d4ba92b07ac5681905) Importer(815301076,1909f56bfc062723c751e8b465ee728b)
Start importing Assets/Packages/Casual Kingdom - Free Package/Heroes/MP3/sfx_warrior_attack3.mp3 using Guid(1bcd1e9e019445d4ba92b07ac5681905) Importer(815301076,1909f56bfc062723c751e8b465ee728b)  -> (artifact id: 'f1bb800042191073036df0bc67a587ad') in 0.011614 seconds
Number of updated asset objects reloaded before import = 0
Number of asset objects unloaded after import = 2
========================================================================
Received Import Request.
  Time since last request: 13.574264 seconds.
  path: Assets/Packages/Casual Kingdom - Free Package/Monsters/Orc/MP3/foley_orc_attack2.mp3
  artifactKey: Guid(2ebadfb83f48bba41bbe4c016ead8686) Importer(815301076,1909f56bfc062723c751e8b465ee728b)
Start importing Assets/Packages/Casual Kingdom - Free Package/Monsters/Orc/MP3/foley_orc_attack2.mp3 using Guid(2ebadfb83f48bba41bbe4c016ead8686) Importer(815301076,1909f56bfc062723c751e8b465ee728b)  -> (artifact id: '6e99baa91cf7384ac9df69664c2ad69e') in 0.010147 seconds
Number of updated asset objects reloaded before import = 0
Number of asset objects unloaded after import = 2
========================================================================
Received Import Request.
  Time since last request: 0.000013 seconds.
  path: Assets/Packages/Casual Kingdom - Free Package/Monsters/Orc/MP3/foley_orc_death2.mp3
  artifactKey: Guid(a6de7d210aef40844bf13b80583bebc3) Importer(815301076,1909f56bfc062723c751e8b465ee728b)
Start importing Assets/Packages/Casual Kingdom - Free Package/Monsters/Orc/MP3/foley_orc_death2.mp3 using Guid(a6de7d210aef40844bf13b80583bebc3) Importer(815301076,1909f56bfc062723c751e8b465ee728b)  -> (artifact id: '0557cff91a84e8fd576e97681096dd0a') in 0.009812 seconds
Number of updated asset objects reloaded before import = 0
Number of asset objects unloaded after import = 2
========================================================================
Received Import Request.
  Time since last request: 0.000013 seconds.
  path: Assets/Packages/Casual Kingdom - Free Package/Monsters/Orc/MP3/foley_orc_death1.mp3
  artifactKey: Guid(e14e1291c00261447838e1b8cef3fa9f) Importer(815301076,1909f56bfc062723c751e8b465ee728b)
Start importing Assets/Packages/Casual Kingdom - Free Package/Monsters/Orc/MP3/foley_orc_death1.mp3 using Guid(e14e1291c00261447838e1b8cef3fa9f) Importer(815301076,1909f56bfc062723c751e8b465ee728b)  -> (artifact id: '3434d0dd03bc0080d705d958d26ec572') in 0.009600 seconds
Number of updated asset objects reloaded before import = 0
Number of asset objects unloaded after import = 2
========================================================================
Received Import Request.
  Time since last request: 313.606310 seconds.
  path: Assets/BowAndArrow/Sound/Bow/fork_media_warfare_arrow_pass_by.mp3
  artifactKey: Guid(4017e10126f1d7e4d916cd4a476080c4) Importer(815301076,1909f56bfc062723c751e8b465ee728b)
Start importing Assets/BowAndArrow/Sound/Bow/fork_media_warfare_arrow_pass_by.mp3 using Guid(4017e10126f1d7e4d916cd4a476080c4) Importer(815301076,1909f56bfc062723c751e8b465ee728b)  -> (artifact id: '1c3934041ba2de504c968d2a2c65ddee') in 0.012185 seconds
Number of updated asset objects reloaded before import = 0
Number of asset objects unloaded after import = 2
========================================================================
Received Import Request.
  Time since last request: 0.016493 seconds.
  path: Assets/BowAndArrow/Sound/Bow/warfare_medieval_english_longbow_arrow_shoot_from_bow_001.mp3
  artifactKey: Guid(aa1b390800b26ea4dad0e73ddc56e3a4) Importer(815301076,1909f56bfc062723c751e8b465ee728b)
Start importing Assets/BowAndArrow/Sound/Bow/warfare_medieval_english_longbow_arrow_shoot_from_bow_001.mp3 using Guid(aa1b390800b26ea4dad0e73ddc56e3a4) Importer(815301076,1909f56bfc062723c751e8b465ee728b)  -> (artifact id: 'e39707ad8c827acf06d4ac40babea140') in 0.011890 seconds
Number of updated asset objects reloaded before import = 0
Number of asset objects unloaded after import = 2
========================================================================
Received Import Request.
  Time since last request: 0.000021 seconds.
  path: Assets/BowAndArrow/Sound/Bow/warfare_medieval_scythian_recurve_arrow_draw_001.mp3
  artifactKey: Guid(5e9419ae17f473f4abe1c42552916dd1) Importer(815301076,1909f56bfc062723c751e8b465ee728b)
Start importing Assets/BowAndArrow/Sound/Bow/warfare_medieval_scythian_recurve_arrow_draw_001.mp3 using Guid(5e9419ae17f473f4abe1c42552916dd1) Importer(815301076,1909f56bfc062723c751e8b465ee728b)  -> (artifact id: 'f7aff5d51c8890b84586af4fd4aaaca2') in 0.013130 seconds
Number of updated asset objects reloaded before import = 0
Number of asset objects unloaded after import = 2
========================================================================
Received Import Request.
  Time since last request: 0.000020 seconds.
  path: Assets/BowAndArrow/Sound/Bow/warfare_medieval_scythian_recurve_arrow_heavy_pass_by_002.mp3
  artifactKey: Guid(0e16d6b7da22444439078580ee280c85) Importer(815301076,1909f56bfc062723c751e8b465ee728b)
Start importing Assets/BowAndArrow/Sound/Bow/warfare_medieval_scythian_recurve_arrow_heavy_pass_by_002.mp3 using Guid(0e16d6b7da22444439078580ee280c85) Importer(815301076,1909f56bfc062723c751e8b465ee728b)  -> (artifact id: '4df99e2f0848efc8e4b3a88a82c2f489') in 0.013425 seconds
Number of updated asset objects reloaded before import = 0
Number of asset objects unloaded after import = 2
========================================================================
Received Import Request.
  Time since last request: 0.000021 seconds.
  path: Assets/BowAndArrow/Sound/Bow/warfare_medieval_scythian_recurve_arrow_heavy_pass_by_001.mp3
  artifactKey: Guid(166f6b8519945fa4582c9af4144e1aa6) Importer(815301076,1909f56bfc062723c751e8b465ee728b)
Start importing Assets/BowAndArrow/Sound/Bow/warfare_medieval_scythian_recurve_arrow_heavy_pass_by_001.mp3 using Guid(166f6b8519945fa4582c9af4144e1aa6) Importer(815301076,1909f56bfc062723c751e8b465ee728b)  -> (artifact id: '5dd4f12abd696e2909959738ffec7003') in 0.036509 seconds
Number of updated asset objects reloaded before import = 0
Number of asset objects unloaded after import = 2
========================================================================
Received Import Request.
  Time since last request: 0.000020 seconds.
  path: Assets/BowAndArrow/Sound/Bow/warfare_medieval_scythian_recurve_arrow_heavy_pass_by_006.mp3
  artifactKey: Guid(ef8dc3e80f7805c468dcae66879e6e7f) Importer(815301076,1909f56bfc062723c751e8b465ee728b)
Start importing Assets/BowAndArrow/Sound/Bow/warfare_medieval_scythian_recurve_arrow_heavy_pass_by_006.mp3 using Guid(ef8dc3e80f7805c468dcae66879e6e7f) Importer(815301076,1909f56bfc062723c751e8b465ee728b)  -> (artifact id: '9b9be306faad86475ab4916d2b84a7bb') in 0.014296 seconds
Number of updated asset objects reloaded before import = 0
Number of asset objects unloaded after import = 2
========================================================================
Received Import Request.
  Time since last request: 0.000028 seconds.
  path: Assets/BowAndArrow/Sound/Bow/warfare_medieval_scythian_recurve_arrow_shoot_from_bow_003.mp3
  artifactKey: Guid(19b1fbbf03d40874d991a526bda317de) Importer(815301076,1909f56bfc062723c751e8b465ee728b)
Start importing Assets/BowAndArrow/Sound/Bow/warfare_medieval_scythian_recurve_arrow_shoot_from_bow_003.mp3 using Guid(19b1fbbf03d40874d991a526bda317de) Importer(815301076,1909f56bfc062723c751e8b465ee728b)  -> (artifact id: 'bd7c03330c874fe40a13d39ab3e6daeb') in 0.011081 seconds
Number of updated asset objects reloaded before import = 0
Number of asset objects unloaded after import = 2
========================================================================
Received Import Request.
  Time since last request: 0.000014 seconds.
  path: Assets/BowAndArrow/Sound/Bow/warfare_medieval_scythian_recurve_arrow_approach_001.mp3
  artifactKey: Guid(bccf07f6ee1e0464b83e42ecdf9fb82c) Importer(815301076,1909f56bfc062723c751e8b465ee728b)
Start importing Assets/BowAndArrow/Sound/Bow/warfare_medieval_scythian_recurve_arrow_approach_001.mp3 using Guid(bccf07f6ee1e0464b83e42ecdf9fb82c) Importer(815301076,1909f56bfc062723c751e8b465ee728b)  -> (artifact id: '44ecf1620235ee096e92b91ca64e550a') in 0.011430 seconds
Number of updated asset objects reloaded before import = 0
Number of asset objects unloaded after import = 2
========================================================================
Received Import Request.
  Time since last request: 0.000016 seconds.
  path: Assets/BowAndArrow/Sound/Bow/warfare_medieval_scythian_recurve_arrow_heavy_pass_by_005.mp3
  artifactKey: Guid(1cf95adc3d97f5645a25a0e76b7dc390) Importer(815301076,1909f56bfc062723c751e8b465ee728b)
Start importing Assets/BowAndArrow/Sound/Bow/warfare_medieval_scythian_recurve_arrow_heavy_pass_by_005.mp3 using Guid(1cf95adc3d97f5645a25a0e76b7dc390) Importer(815301076,1909f56bfc062723c751e8b465ee728b)  -> (artifact id: '8d8eef4bec3097696e6afee10c36e95b') in 0.010566 seconds
Number of updated asset objects reloaded before import = 0
Number of asset objects unloaded after import = 2
========================================================================
Received Import Request.
  Time since last request: 0.000016 seconds.
  path: Assets/BowAndArrow/Sound/Bow/warfare_medieval_scythian_recurve_arrow_heavy_pass_by_004.mp3
  artifactKey: Guid(511531074de07a441bdeedabab50e097) Importer(815301076,1909f56bfc062723c751e8b465ee728b)
Start importing Assets/BowAndArrow/Sound/Bow/warfare_medieval_scythian_recurve_arrow_heavy_pass_by_004.mp3 using Guid(511531074de07a441bdeedabab50e097) Importer(815301076,1909f56bfc062723c751e8b465ee728b)  -> (artifact id: '7a59887d4ed5013f300d8feb0326999d') in 0.009762 seconds
Number of updated asset objects reloaded before import = 0
Number of asset objects unloaded after import = 2
========================================================================
Received Import Request.
  Time since last request: 0.000015 seconds.
  path: Assets/BowAndArrow/Sound/Bow/warfare_medieval_scythian_recurve_arrow_shoot_from_bow_004.mp3
  artifactKey: Guid(c2065a0b656ed744b99b59e9084a0dce) Importer(815301076,1909f56bfc062723c751e8b465ee728b)
Start importing Assets/BowAndArrow/Sound/Bow/warfare_medieval_scythian_recurve_arrow_shoot_from_bow_004.mp3 using Guid(c2065a0b656ed744b99b59e9084a0dce) Importer(815301076,1909f56bfc062723c751e8b465ee728b)  -> (artifact id: '9cc8bc7a4f0d3e3ab500d39340e40d7a') in 0.011491 seconds
Number of updated asset objects reloaded before import = 0
Number of asset objects unloaded after import = 2
Editor requested this worker to shutdown with reason: Scaling down because of idle timeout
TcpMessagingSession - receive error: operation aborted. errorcode: 995, details: ќпераци€ ввода/вывода была прервана из-за завершени€ потока команд или по запросу приложени€.
AssetImportWorker is now disconnected from the server
Process exiting
Exiting without the bug reporter. Application will terminate with return code 0