Using pre-set license
Built from '2022.3/staging' branch; Version is '2022.3.4f1 (35713cd46cd7) revision 3502396'; Using compiler version '192829333'; Build Type 'Release'
OS: 'Windows 10  (10.0.19045) 64bit Professional' Language: 'ru' Physical Memory: 32693 MB
BatchMode: 1, IsHumanControllingUs: 0, StartBugReporterOnCrash: 0, Is64bit: 1, IsPro: 1

COMMAND LINE ARGUMENTS:
C:\Program Files\Unity\Hub\Editor\2022.3.4f1\Editor\Unity.exe
-adb2
-batchMode
-noUpm
-name
AssetImportWorker8
-projectPath
C:/Users/notob/Documents/GitHub/ShooterGame/Shooter
-logFile
Logs/AssetImportWorker8.log
-srvPort
51461
Successfully changed project path to: C:/Users/notob/Documents/GitHub/ShooterGame/Shooter
C:/Users/notob/Documents/GitHub/ShooterGame/Shooter
[UnityMemory] Configuration Parameters - Can be set up in boot.config
    "memorysetup-bucket-allocator-granularity=16"
    "memorysetup-bucket-allocator-bucket-count=8"
    "memorysetup-bucket-allocator-block-size=33554432"
    "memorysetup-bucket-allocator-block-count=8"
    "memorysetup-main-allocator-block-size=16777216"
    "memorysetup-thread-allocator-block-size=16777216"
    "memorysetup-gfx-main-allocator-block-size=16777216"
    "memorysetup-gfx-thread-allocator-block-size=16777216"
    "memorysetup-cache-allocator-block-size=4194304"
    "memorysetup-typetree-allocator-block-size=2097152"
    "memorysetup-profiler-bucket-allocator-granularity=16"
    "memorysetup-profiler-bucket-allocator-bucket-count=8"
    "memorysetup-profiler-bucket-allocator-block-size=33554432"
    "memorysetup-profiler-bucket-allocator-block-count=8"
    "memorysetup-profiler-allocator-block-size=16777216"
    "memorysetup-profiler-editor-allocator-block-size=1048576"
    "memorysetup-temp-allocator-size-main=16777216"
    "memorysetup-job-temp-allocator-block-size=2097152"
    "memorysetup-job-temp-allocator-block-size-background=1048576"
    "memorysetup-job-temp-allocator-reduction-small-platforms=262144"
    "memorysetup-allocator-temp-initial-block-size-main=262144"
    "memorysetup-allocator-temp-initial-block-size-worker=262144"
    "memorysetup-temp-allocator-size-background-worker=32768"
    "memorysetup-temp-allocator-size-job-worker=262144"
    "memorysetup-temp-allocator-size-preload-manager=33554432"
    "memorysetup-temp-allocator-size-nav-mesh-worker=65536"
    "memorysetup-temp-allocator-size-audio-worker=65536"
    "memorysetup-temp-allocator-size-cloud-worker=32768"
    "memorysetup-temp-allocator-size-gi-baking-worker=262144"
    "memorysetup-temp-allocator-size-gfx=262144"
Player connection [37008] Host "[IP] 192.168.0.111 [Port] 0 [Flags] 2 [Guid] 990066361 [EditorId] 990066361 [Version] 1048832 [Id] WindowsEditor(7,DESKTOP-4LDGE9F) [Debug] 1 [PackageName] WindowsEditor [ProjectName] Editor" joined multi-casting on [225.0.0.222:54997]...

Player connection [37008] Host "[IP] 192.168.0.111 [Port] 0 [Flags] 2 [Guid] 990066361 [EditorId] 990066361 [Version] 1048832 [Id] WindowsEditor(7,DESKTOP-4LDGE9F) [Debug] 1 [PackageName] WindowsEditor [ProjectName] Editor" joined alternative multi-casting on [225.0.0.222:34997]...

Refreshing native plugins compatible for Editor in 19.45 ms, found 4 plugins.
Preloading 0 native plugins for Editor in 0.00 ms.
Initialize engine version: 2022.3.4f1 (35713cd46cd7)
[Subsystems] Discovering subsystems at path C:/Program Files/Unity/Hub/Editor/2022.3.4f1/Editor/Data/Resources/UnitySubsystems
[Subsystems] Discovering subsystems at path C:/Users/notob/Documents/GitHub/ShooterGame/Shooter/Assets
GfxDevice: creating device client; threaded=0; jobified=0
Direct3D:
    Version:  Direct3D 11.0 [level 11.1]
    Renderer: NVIDIA GeForce RTX 3050 (ID=0x2507)
    Vendor:   NVIDIA
    VRAM:     8056 MB
    Driver:   31.0.15.3623
Initialize mono
Mono path[0] = 'C:/Program Files/Unity/Hub/Editor/2022.3.4f1/Editor/Data/Managed'
Mono path[1] = 'C:/Program Files/Unity/Hub/Editor/2022.3.4f1/Editor/Data/MonoBleedingEdge/lib/mono/unityjit-win32'
Mono config path = 'C:/Program Files/Unity/Hub/Editor/2022.3.4f1/Editor/Data/MonoBleedingEdge/etc'
Using monoOptions --debugger-agent=transport=dt_socket,embedding=1,server=y,suspend=n,address=127.0.0.1:56944
Begin MonoManager ReloadAssembly
Registering precompiled unity dll's ...
Register platform support module: C:/Program Files/Unity/Hub/Editor/2022.3.4f1/Editor/Data/PlaybackEngines/AndroidPlayer/UnityEditor.Android.Extensions.dll
Register platform support module: C:/Program Files/Unity/Hub/Editor/2022.3.4f1/Editor/Data/PlaybackEngines/WindowsStandaloneSupport/UnityEditor.WindowsStandalone.Extensions.dll
Registered in 0.025029 seconds.
- Loaded All Assemblies, in  0.334 seconds
Native extension for WindowsStandalone target not found
Native extension for Android target not found
Android Extension - Scanning For ADB Devices 232 ms
Mono: successfully reloaded assembly
- Finished resetting the current domain, in  0.483 seconds
Domain Reload Profiling: 811ms
	BeginReloadAssembly (96ms)
		ExecutionOrderSort (0ms)
		DisableScriptedObjects (0ms)
		BackupInstance (0ms)
		ReleaseScriptingObjects (0ms)
		CreateAndSetChildDomain (0ms)
	RebuildCommonClasses (25ms)
	RebuildNativeTypeToScriptingClass (7ms)
	initialDomainReloadingComplete (79ms)
	LoadAllAssembliesAndSetupDomain (121ms)
		LoadAssemblies (92ms)
		RebuildTransferFunctionScriptingTraits (0ms)
		AnalyzeDomain (105ms)
			TypeCache.Refresh (105ms)
				TypeCache.ScanAssembly (96ms)
			ScanForSourceGeneratedMonoScriptInfo (0ms)
			ResolveRequiredComponents (0ms)
	FinalizeReload (483ms)
		ReleaseScriptCaches (0ms)
		RebuildScriptCaches (0ms)
		SetupLoadedEditorAssemblies (441ms)
			LogAssemblyErrors (0ms)
			InitializePlatformSupportModulesInManaged (333ms)
			SetLoadedEditorAssemblies (3ms)
			RefreshPlugins (0ms)
			BeforeProcessingInitializeOnLoad (2ms)
			ProcessInitializeOnLoadAttributes (71ms)
			ProcessInitializeOnLoadMethodAttributes (32ms)
			AfterProcessingInitializeOnLoad (0ms)
			EditorAssembliesLoaded (0ms)
		ExecutionOrderSort2 (0ms)
		AwakeInstancesAfterBackupRestoration (0ms)
========================================================================
Worker process is ready to serve import requests
Begin MonoManager ReloadAssembly
Symbol file LoadedFromMemory doesn't match image C:\Users\notob\Documents\GitHub\ShooterGame\Shooter\Library\PackageCache\com.unity.visualscripting@1.8.0\Editor\VisualScripting.Core\Dependencies\YamlDotNet\Unity.VisualScripting.YamlDotNet.dll
Symbol file LoadedFromMemory doesn't match image C:\Users\notob\Documents\GitHub\ShooterGame\Shooter\Library\PackageCache\com.unity.visualscripting@1.8.0\Editor\VisualScripting.Core\Dependencies\DotNetZip\Unity.VisualScripting.IonicZip.dll
- Loaded All Assemblies, in  0.772 seconds
Refreshing native plugins compatible for Editor in 10.05 ms, found 4 plugins.
Native extension for WindowsStandalone target not found
Native extension for Android target not found
Mono: successfully reloaded assembly
- Finished resetting the current domain, in  0.455 seconds
Domain Reload Profiling: 1214ms
	BeginReloadAssembly (134ms)
		ExecutionOrderSort (0ms)
		DisableScriptedObjects (4ms)
		BackupInstance (0ms)
		ReleaseScriptingObjects (0ms)
		CreateAndSetChildDomain (17ms)
	RebuildCommonClasses (25ms)
	RebuildNativeTypeToScriptingClass (7ms)
	initialDomainReloadingComplete (53ms)
	LoadAllAssembliesAndSetupDomain (539ms)
		LoadAssemblies (398ms)
		RebuildTransferFunctionScriptingTraits (0ms)
		AnalyzeDomain (201ms)
			TypeCache.Refresh (185ms)
				TypeCache.ScanAssembly (173ms)
			ScanForSourceGeneratedMonoScriptInfo (13ms)
			ResolveRequiredComponents (3ms)
	FinalizeReload (455ms)
		ReleaseScriptCaches (0ms)
		RebuildScriptCaches (0ms)
		SetupLoadedEditorAssemblies (340ms)
			LogAssemblyErrors (0ms)
			InitializePlatformSupportModulesInManaged (28ms)
			SetLoadedEditorAssemblies (2ms)
			RefreshPlugins (0ms)
			BeforeProcessingInitializeOnLoad (92ms)
			ProcessInitializeOnLoadAttributes (174ms)
			ProcessInitializeOnLoadMethodAttributes (24ms)
			AfterProcessingInitializeOnLoad (20ms)
			EditorAssembliesLoaded (0ms)
		ExecutionOrderSort2 (0ms)
		AwakeInstancesAfterBackupRestoration (4ms)
Launched and connected shader compiler UnityShaderCompiler.exe after 0.04 seconds
Refreshing native plugins compatible for Editor in 9.41 ms, found 4 plugins.
Preloading 0 native plugins for Editor in 0.00 ms.
Unloading 4021 Unused Serialized files (Serialized files now loaded: 0)
Unloading 69 unused Assets / (245.3 KB). Loaded Objects now: 4484.
Memory consumption went from 149.0 MB to 148.8 MB.
Total: 3.101500 ms (FindLiveObjects: 0.227100 ms CreateObjectMapping: 0.143900 ms MarkObjects: 2.545200 ms  DeleteObjects: 0.184800 ms)

AssetImportParameters requested are different than current active one (requested -> active):
  custom:container-demuxer-ogg: 62fdf1f143b41e24485cea50d1cbac27 -> 
  custom:video-decoder-ogg-theora: a1e56fd34408186e4bbccfd4996cb3dc -> 
  custom:framework-win-MediaFoundation: 216162199b28c13a410421893ffa2e32 -> 
  custom:CustomObjectIndexerAttribute: 756ad292c208cfabdd7b50bc23989ffe -> 
  custom:container-demuxer-webm: 4f35f7cbe854078d1ac9338744f61a02 -> 
  custom:container-muxer-webm: aa71ff27fc2769a1b78a27578f13a17b -> 
  custom:video-decoder-webm-vp8: 9c59270c3fd7afecdb556c50c9e8de78 -> 
  custom:AudioImporter_EditorPlatform: d09bf68614088b80899f8185d706f6e7 -> 
  custom:video-encoder-webm-vp8: eb34c28f22e8b96e1ab97ce403110664 -> 
  custom:audio-decoder-ogg-vorbis: bf7c407c2cedff20999df2af8eb42d56 -> 
  custom:audio-encoder-webm-vorbis: bf7c407c2cedff20999df2af8eb42d56 -> 
========================================================================
Received Import Request.
  Time since last request: 25167.844507 seconds.
  path: Assets/Packages/Casual Kingdom - Free Package/Monsters/Orc
  artifactKey: Guid(a91ce0386ac4e33438a9b169d1e2b73d) Importer(815301076,1909f56bfc062723c751e8b465ee728b)
Start importing Assets/Packages/Casual Kingdom - Free Package/Monsters/Orc using Guid(a91ce0386ac4e33438a9b169d1e2b73d) Importer(815301076,1909f56bfc062723c751e8b465ee728b)  -> (artifact id: '3937138c00907dbac037d4dc6358d42d') in 0.002275 seconds
Number of updated asset objects reloaded before import = 0
Number of asset objects unloaded after import = 0
========================================================================
Received Import Request.
  Time since last request: 0.534527 seconds.
  path: Assets/Packages/Casual Kingdom - Free Package/Monsters/Orc/WAV
  artifactKey: Guid(8c44385fa0edfc34e94b28e9adeb99cf) Importer(815301076,1909f56bfc062723c751e8b465ee728b)
Start importing Assets/Packages/Casual Kingdom - Free Package/Monsters/Orc/WAV using Guid(8c44385fa0edfc34e94b28e9adeb99cf) Importer(815301076,1909f56bfc062723c751e8b465ee728b)  -> (artifact id: '5a04cfac0cd2170d73b66923f711ffc0') in 0.000467 seconds
Number of updated asset objects reloaded before import = 0
Number of asset objects unloaded after import = 0
========================================================================
Received Import Request.
  Time since last request: 0.641137 seconds.
  path: Assets/Packages/Casual Kingdom - Free Package/Monsters/Orc/MP3
  artifactKey: Guid(be6475c92053ba8449160eb98d5767bb) Importer(815301076,1909f56bfc062723c751e8b465ee728b)
Start importing Assets/Packages/Casual Kingdom - Free Package/Monsters/Orc/MP3 using Guid(be6475c92053ba8449160eb98d5767bb) Importer(815301076,1909f56bfc062723c751e8b465ee728b)  -> (artifact id: 'f99ae9e7905123dac01df1f666818e97') in 0.000465 seconds
Number of updated asset objects reloaded before import = 0
Number of asset objects unloaded after import = 0
========================================================================
Received Import Request.
  Time since last request: 0.033383 seconds.
  path: Assets/Packages/Casual Kingdom - Free Package/Monsters/Orc/MP3/foley_orc_attack1.mp3
  artifactKey: Guid(c0a87cc5ae249c74fa0b8e77f099b8fb) Importer(815301076,1909f56bfc062723c751e8b465ee728b)
Start importing Assets/Packages/Casual Kingdom - Free Package/Monsters/Orc/MP3/foley_orc_attack1.mp3 using Guid(c0a87cc5ae249c74fa0b8e77f099b8fb) Importer(815301076,1909f56bfc062723c751e8b465ee728b)  -> (artifact id: 'b67a5e789c83fb8a68aa7770107e02ec') in 0.052733 seconds
Number of updated asset objects reloaded before import = 0
Number of asset objects unloaded after import = 2
========================================================================
Received Import Request.
  Time since last request: 309.551113 seconds.
  path: Assets/Scripts/BowAndArrow
  artifactKey: Guid(776e709b1f7568545ad5fd3942d1a153) Importer(815301076,1909f56bfc062723c751e8b465ee728b)
Start importing Assets/Scripts/BowAndArrow using Guid(776e709b1f7568545ad5fd3942d1a153) Importer(815301076,1909f56bfc062723c751e8b465ee728b)  -> (artifact id: 'ed58d43568626d0e3e941c1cf677baa2') in 0.000611 seconds
Number of updated asset objects reloaded before import = 0
Number of asset objects unloaded after import = 0
========================================================================
Received Import Request.
  Time since last request: 3.313567 seconds.
  path: Assets/BowAndArrow/Sound
  artifactKey: Guid(75308b6a3287bdc47ab7f79264401936) Importer(815301076,1909f56bfc062723c751e8b465ee728b)
Start importing Assets/BowAndArrow/Sound using Guid(75308b6a3287bdc47ab7f79264401936) Importer(815301076,1909f56bfc062723c751e8b465ee728b)  -> (artifact id: 'b65c3ee5dfbb8f8f70de0d6bcd134949') in 0.000516 seconds
Number of updated asset objects reloaded before import = 0
Number of asset objects unloaded after import = 0
========================================================================
Received Import Request.
  Time since last request: 0.669552 seconds.
  path: Assets/BowAndArrow/Sound/Bow
  artifactKey: Guid(84bbe2155a4ae8f4584644a4b61a3827) Importer(815301076,1909f56bfc062723c751e8b465ee728b)
Start importing Assets/BowAndArrow/Sound/Bow using Guid(84bbe2155a4ae8f4584644a4b61a3827) Importer(815301076,1909f56bfc062723c751e8b465ee728b)  -> (artifact id: '672ee827e74c95810ee0f4d83439ef3e') in 0.000480 seconds
Number of updated asset objects reloaded before import = 0
Number of asset objects unloaded after import = 0
========================================================================
Received Import Request.
  Time since last request: 0.045909 seconds.
  path: Assets/BowAndArrow/Sound/Bow/fork_media_warfare_arrow_impact.mp3
  artifactKey: Guid(047022a17434f674592c17ebe4853c89) Importer(815301076,1909f56bfc062723c751e8b465ee728b)
Start importing Assets/BowAndArrow/Sound/Bow/fork_media_warfare_arrow_impact.mp3 using Guid(047022a17434f674592c17ebe4853c89) Importer(815301076,1909f56bfc062723c751e8b465ee728b)  -> (artifact id: '63ec7efca226fe1c2c128e93f493eca1') in 0.011900 seconds
Number of updated asset objects reloaded before import = 0
Number of asset objects unloaded after import = 2
========================================================================
Received Import Request.
  Time since last request: 0.017395 seconds.
  path: Assets/BowAndArrow/Sound/Bow/warfare_medieval_crossbow_bolt_pass_by_001.mp3
  artifactKey: Guid(8ade4433541ad5d48b2a7a6abac5869b) Importer(815301076,1909f56bfc062723c751e8b465ee728b)
Start importing Assets/BowAndArrow/Sound/Bow/warfare_medieval_crossbow_bolt_pass_by_001.mp3 using Guid(8ade4433541ad5d48b2a7a6abac5869b) Importer(815301076,1909f56bfc062723c751e8b465ee728b)  -> (artifact id: 'a785f5b32e1e0bd2f17fd74b240381fe') in 0.013083 seconds
Number of updated asset objects reloaded before import = 0
Number of asset objects unloaded after import = 2
========================================================================
Received Import Request.
  Time since last request: 0.000021 seconds.
  path: Assets/BowAndArrow/Sound/Bow/warfare_medieval_scythian_recurve_arrow_draw_002.mp3
  artifactKey: Guid(0a77e6615b0f1a341b420ed940357ccc) Importer(815301076,1909f56bfc062723c751e8b465ee728b)
Start importing Assets/BowAndArrow/Sound/Bow/warfare_medieval_scythian_recurve_arrow_draw_002.mp3 using Guid(0a77e6615b0f1a341b420ed940357ccc) Importer(815301076,1909f56bfc062723c751e8b465ee728b)  -> (artifact id: 'c509fb1fb2c2f6012f58e800493e3c43') in 0.013549 seconds
Number of updated asset objects reloaded before import = 0
Number of asset objects unloaded after import = 2
========================================================================
Received Import Request.
  Time since last request: 0.000023 seconds.
  path: Assets/BowAndArrow/Sound/Bow/warfare_medieval_scythian_recurve_arrow_shoot_from_bow_002.mp3
  artifactKey: Guid(6f9c2888ac220834697181bfc7a0147f) Importer(815301076,1909f56bfc062723c751e8b465ee728b)
Start importing Assets/BowAndArrow/Sound/Bow/warfare_medieval_scythian_recurve_arrow_shoot_from_bow_002.mp3 using Guid(6f9c2888ac220834697181bfc7a0147f) Importer(815301076,1909f56bfc062723c751e8b465ee728b)  -> (artifact id: '7f9634f0e02235a7fd21ed8100bae4a4') in 0.016179 seconds
Number of updated asset objects reloaded before import = 0
Number of asset objects unloaded after import = 2
========================================================================
Received Import Request.
  Time since last request: 0.000017 seconds.
  path: Assets/BowAndArrow/Sound/Bow/warfare_medieval_scythian_recurve_arrow_approach_002.mp3
  artifactKey: Guid(ae50a3d3feab9354dbe864efce8f78dc) Importer(815301076,1909f56bfc062723c751e8b465ee728b)
Start importing Assets/BowAndArrow/Sound/Bow/warfare_medieval_scythian_recurve_arrow_approach_002.mp3 using Guid(ae50a3d3feab9354dbe864efce8f78dc) Importer(815301076,1909f56bfc062723c751e8b465ee728b)  -> (artifact id: 'dfdae7ad745a0961ab234b695aa652fe') in 0.033945 seconds
Number of updated asset objects reloaded before import = 0
Number of asset objects unloaded after import = 2
========================================================================
Received Import Request.
  Time since last request: 0.000021 seconds.
  path: Assets/BowAndArrow/Sound/Bow/warfare_medieval_scythian_recurve_arrow_draw_003.mp3
  artifactKey: Guid(62a3b7c775cad4647a23f8fb6f1363fe) Importer(815301076,1909f56bfc062723c751e8b465ee728b)
Start importing Assets/BowAndArrow/Sound/Bow/warfare_medieval_scythian_recurve_arrow_draw_003.mp3 using Guid(62a3b7c775cad4647a23f8fb6f1363fe) Importer(815301076,1909f56bfc062723c751e8b465ee728b)  -> (artifact id: '04d82b72ae4de63aa4f0615771211a4d') in 0.012712 seconds
Number of updated asset objects reloaded before import = 0
Number of asset objects unloaded after import = 2
========================================================================
Received Import Request.
  Time since last request: 0.000026 seconds.
  path: Assets/BowAndArrow/Sound/Bow/warfare_medieval_english_longbow_arrow_shoot_from_bow_002.mp3
  artifactKey: Guid(4e8fadbefd617b64693249cde873cf33) Importer(815301076,1909f56bfc062723c751e8b465ee728b)
Start importing Assets/BowAndArrow/Sound/Bow/warfare_medieval_english_longbow_arrow_shoot_from_bow_002.mp3 using Guid(4e8fadbefd617b64693249cde873cf33) Importer(815301076,1909f56bfc062723c751e8b465ee728b)  -> (artifact id: '8f2d2032e8419c48f0539742492a8a87') in 0.010743 seconds
Number of updated asset objects reloaded before import = 0
Number of asset objects unloaded after import = 2
========================================================================
Received Import Request.
  Time since last request: 0.000023 seconds.
  path: Assets/BowAndArrow/Sound/Bow/warfare_medieval_scythian_recurve_arrow_heavy_pass_by_003.mp3
  artifactKey: Guid(ac9a621d184b1f64b8922d11e906bab8) Importer(815301076,1909f56bfc062723c751e8b465ee728b)
Start importing Assets/BowAndArrow/Sound/Bow/warfare_medieval_scythian_recurve_arrow_heavy_pass_by_003.mp3 using Guid(ac9a621d184b1f64b8922d11e906bab8) Importer(815301076,1909f56bfc062723c751e8b465ee728b)  -> (artifact id: '15ce0e6b0b549541dd708f6658d00411') in 0.011315 seconds
Number of updated asset objects reloaded before import = 0
Number of asset objects unloaded after import = 2
========================================================================
Received Import Request.
  Time since last request: 0.000019 seconds.
  path: Assets/BowAndArrow/Sound/Bow/warfare_medieval_scythian_recurve_arrow_approach_004.mp3
  artifactKey: Guid(ab366ac954f0a654e9bcec7263fa491a) Importer(815301076,1909f56bfc062723c751e8b465ee728b)
Start importing Assets/BowAndArrow/Sound/Bow/warfare_medieval_scythian_recurve_arrow_approach_004.mp3 using Guid(ab366ac954f0a654e9bcec7263fa491a) Importer(815301076,1909f56bfc062723c751e8b465ee728b)  -> (artifact id: '3bbf8f7cb222b9082d070d05139e140f') in 0.010511 seconds
Number of updated asset objects reloaded before import = 0
Number of asset objects unloaded after import = 2
========================================================================
Received Import Request.
  Time since last request: 0.000020 seconds.
  path: Assets/BowAndArrow/Sound/Bow/warfare_medieval_scythian_recurve_arrow_approach_003.mp3
  artifactKey: Guid(0109f26143abf914dba3bf02862bcbb8) Importer(815301076,1909f56bfc062723c751e8b465ee728b)
Start importing Assets/BowAndArrow/Sound/Bow/warfare_medieval_scythian_recurve_arrow_approach_003.mp3 using Guid(0109f26143abf914dba3bf02862bcbb8) Importer(815301076,1909f56bfc062723c751e8b465ee728b)  -> (artifact id: '8ef89d23cd86ca94655fa7117607c14e') in 0.011167 seconds
Number of updated asset objects reloaded before import = 0
Number of asset objects unloaded after import = 2
========================================================================
Received Import Request.
  Time since last request: 0.000016 seconds.
  path: Assets/BowAndArrow/Sound/Bow/warfare_medieval_crossbow_bolt_pass_by_002.mp3
  artifactKey: Guid(8157600d99e024847b4a06298bc7ff88) Importer(815301076,1909f56bfc062723c751e8b465ee728b)
Start importing Assets/BowAndArrow/Sound/Bow/warfare_medieval_crossbow_bolt_pass_by_002.mp3 using Guid(8157600d99e024847b4a06298bc7ff88) Importer(815301076,1909f56bfc062723c751e8b465ee728b)  -> (artifact id: '5abc7ae9301ca743df6058180234b3e4') in 0.011356 seconds
Number of updated asset objects reloaded before import = 0
Number of asset objects unloaded after import = 2
Editor requested this worker to shutdown with reason: Scaling down because of idle timeout
TcpMessagingSession - receive error: operation aborted. errorcode: 995, details: ќпераци€ ввода/вывода была прервана из-за завершени€ потока команд или по запросу приложени€.
AssetImportWorker is now disconnected from the server
Process exiting
Exiting without the bug reporter. Application will terminate with return code 0